...
U 100 100
C /var/www/TekmovanjaFamnit/cli/1049/c0478831-6298-4218-90ac-7832f22e79b1/Challenger red
C /var/www/TekmovanjaFamnit/cli/1049/c0478831-6298-4218-90ac-7832f22e79b1/4_0ce5f66c-8dff-4348-bb76-091ae7c2fdc3 blue
R 99 red
R 99 blue
P 0 78 12 0.9 99 red
P 1 27 49 0.5 50 null
P 2 28 16 0.2 20 null
P 3 69 24 0.2 20 null
P 4 19 19 0.9 90 null
P 5 94 11 0.3 30 null
P 6 49 41 0.5 50 null
P 7 22 88 0.9 99 blue
P 8 73 51 0.5 50 null
P 9 72 84 0.2 20 null
P 10 31 76 0.2 20 null
P 11 81 81 0.9 90 null
P 12 6 89 0.3 30 null
P 13 51 59 0.5 50 null
/var/www/TekmovanjaFamnit/cli/1049/c0478831-6298-4218-90ac-7832f22e79b1/Challenger>L exit
L /var/www/TekmovanjaFamnit/cli/1049/c0478831-6298-4218-90ac-7832f22e79b1/Challenger Player sent:L exit
R 108 red
R 108 blue
P 0 78 12 0.9 108 red
P 1 27 49 0.5 50 null
P 2 28 16 0.2 20 null
P 3 69 24 0.2 20 null
P 4 19 19 0.9 90 null
P 5 94 11 0.3 30 null
P 6 49 41 0.5 50 null
P 7 22 88 0.9 108 blue
P 8 73 51 0.5 50 null
P 9 72 84 0.2 20 null
P 10 31 76 0.2 20 null
P 11 81 81 0.9 90 null
P 12 6 89 0.3 30 null
P 13 51 59 0.5 50 null
