...
U 100 100
C /var/www/TekmovanjaFamnit/cli/1049/c0478831-6298-4218-90ac-7832f22e79b1/Challenger red
C /var/www/TekmovanjaFamnit/cli/1049/c0478831-6298-4218-90ac-7832f22e79b1/3_0ce5f66c-8dff-4348-bb76-091ae7c2fdc3 blue
R 88 red
R 88 blue
P 0 73 41 0.8 88 red
P 1 89 49 0.1 10 null
P 2 2 31 0.5 50 null
P 3 70 13 0.3 30 null
P 4 58 43 0.4 40 null
P 5 39 46 0.3 30 null
P 6 66 26 0.3 30 null
P 7 27 59 0.8 88 blue
P 8 11 51 0.1 10 null
P 9 98 69 0.5 50 null
P 10 30 87 0.3 30 null
P 11 42 57 0.4 40 null
P 12 61 54 0.3 30 null
P 13 34 74 0.3 30 null
/var/www/TekmovanjaFamnit/cli/1049/c0478831-6298-4218-90ac-7832f22e79b1/Challenger>L exit
L /var/www/TekmovanjaFamnit/cli/1049/c0478831-6298-4218-90ac-7832f22e79b1/Challenger Player sent:L exit
R 96 red
R 96 blue
P 0 73 41 0.8 96 red
P 1 89 49 0.1 10 null
P 2 2 31 0.5 50 null
P 3 70 13 0.3 30 null
P 4 58 43 0.4 40 null
P 5 39 46 0.3 30 null
P 6 66 26 0.3 30 null
P 7 27 59 0.8 96 blue
P 8 11 51 0.1 10 null
P 9 98 69 0.5 50 null
P 10 30 87 0.3 30 null
P 11 42 57 0.4 40 null
P 12 61 54 0.3 30 null
P 13 34 74 0.3 30 null
