U 100 100 blue
P 0 61 48 0.1 11 red
P 1 10 12 0.7 70 null
P 2 50 15 0.2 20 null
P 3 76 49 0.5 50 null
P 4 33 29 0.4 40 null
P 5 46 46 0.1 10 null
P 6 39 52 0.1 11 blue
P 7 90 88 0.7 70 null
P 8 50 85 0.2 20 null
P 9 24 51 0.5 50 null
P 10 67 71 0.4 40 null
P 11 54 54 0.1 10 null
P 0 61 48 0.1 7 red
P 1 10 12 0.7 70 null
P 2 50 15 0.2 20 null
P 3 76 49 0.5 50 null
P 4 33 29 0.4 40 null
P 5 46 46 0.1 10 null
P 6 39 52 0.1 7 blue
P 7 90 88 0.7 70 null
P 8 50 85 0.2 20 null
P 9 24 51 0.5 50 null
P 10 67 71 0.4 40 null
P 11 54 54 0.1 10 null
F 0 5 0 7 1 24
F 1 5 6 5 1 4
P 0 61 48 0.1 8 red
P 1 10 12 0.7 70 null
P 2 50 15 0.2 20 null
P 3 76 49 0.5 50 null
P 4 33 29 0.4 40 null
P 5 46 46 0.1 10 null
P 6 39 52 0.1 5 blue
P 7 90 88 0.7 70 null
P 8 50 85 0.2 20 null
P 9 24 51 0.5 50 null
P 10 67 71 0.4 40 null
P 11 54 54 0.1 10 null
F 0 5 0 7 2 24
F 1 5 6 5 2 4
F 2 3 6 5 1 4
P 0 61 48 0.1 9 red
P 1 10 12 0.7 70 null
P 2 50 15 0.2 20 null
P 3 76 49 0.5 50 null
P 4 33 29 0.4 40 null
P 5 46 46 0.1 10 null
P 6 39 52 0.1 4 blue
P 7 90 88 0.7 70 null
P 8 50 85 0.2 20 null
P 9 24 51 0.5 50 null
P 10 67 71 0.4 40 null
P 11 54 54 0.1 10 null
F 0 5 0 7 3 24
F 1 5 6 5 3 4
F 2 3 6 5 2 4
F 3 2 6 5 1 4
P 0 61 48 0.1 10 red
P 1 10 12 0.7 70 null
P 2 50 15 0.2 20 null
P 3 76 49 0.5 50 null
P 4 33 29 0.4 40 null
P 5 46 46 0.1 5 null
P 6 39 52 0.1 3 blue
P 7 90 88 0.7 70 null
P 8 50 85 0.2 20 null
P 9 24 51 0.5 50 null
P 10 67 71 0.4 40 null
P 11 54 54 0.1 10 null
F 0 5 0 7 4 24
F 2 3 6 5 3 4
F 3 2 6 5 2 4
F 4 2 6 5 1 4
P 0 61 48 0.1 11 red
P 1 10 12 0.7 70 null
P 2 50 15 0.2 20 null
P 3 76 49 0.5 50 null
P 4 33 29 0.4 40 null
P 5 46 46 0.1 2 null
P 6 39 52 0.1 3 blue
P 7 90 88 0.7 70 null
P 8 50 85 0.2 20 null
P 9 24 51 0.5 50 null
P 10 67 71 0.4 40 null
P 11 54 54 0.1 10 null
F 0 5 0 7 5 24
F 3 2 6 5 3 4
F 4 2 6 5 2 4
F 5 1 6 9 1 7
P 0 61 48 0.1 7 red
P 1 10 12 0.7 70 null
P 2 50 15 0.2 20 null
P 3 76 49 0.5 50 null
P 4 33 29 0.4 40 null
P 5 46 46 0.1 0 blue
P 6 39 52 0.1 3 blue
P 7 90 88 0.7 70 null
P 8 50 85 0.2 20 null
P 9 24 51 0.5 50 null
P 10 67 71 0.4 40 null
P 11 54 54 0.1 10 null
F 0 5 0 7 6 24
F 4 2 6 5 3 4
F 5 1 6 9 2 7
F 6 5 0 9 1 18
F 7 1 6 9 1 7
P 0 61 48 0.1 8 red
P 1 10 12 0.7 70 null
P 2 50 15 0.2 20 null
P 3 76 49 0.5 50 null
P 4 33 29 0.4 40 null
P 5 46 46 0.1 3 blue
P 6 39 52 0.1 3 blue
P 7 90 88 0.7 70 null
P 8 50 85 0.2 20 null
P 9 24 51 0.5 50 null
P 10 67 71 0.4 40 null
P 11 54 54 0.1 10 null
F 0 5 0 7 7 24
F 5 1 6 9 3 7
F 6 5 0 9 2 18
F 7 1 6 9 2 7
F 8 0 5 11 1 5
F 9 1 6 9 1 7
P 0 61 48 0.1 5 red
P 1 10 12 0.7 70 null
P 2 50 15 0.2 20 null
P 3 76 49 0.5 50 null
P 4 33 29 0.4 40 null
P 5 46 46 0.1 3 blue
P 6 39 52 0.1 3 blue
P 7 90 88 0.7 70 null
P 8 50 85 0.2 20 null
P 9 24 51 0.5 50 null
P 10 67 71 0.4 40 null
P 11 54 54 0.1 10 null
F 0 5 0 7 8 24
F 5 1 6 9 4 7
F 6 5 0 9 3 18
F 7 1 6 9 3 7
F 8 0 5 11 2 5
F 9 1 6 9 2 7
F 10 4 0 3 1 7
F 11 1 5 11 1 5
F 12 1 6 9 1 7
P 0 61 48 0.1 6 red
P 1 10 12 0.7 70 null
P 2 50 15 0.2 20 null
P 3 76 49 0.5 50 null
P 4 33 29 0.4 40 null
P 5 46 46 0.1 3 blue
P 6 39 52 0.1 3 blue
P 7 90 88 0.7 70 null
P 8 50 85 0.2 20 null
P 9 24 51 0.5 50 null
P 10 67 71 0.4 40 null
P 11 54 54 0.1 10 null
F 0 5 0 7 9 24
F 5 1 6 9 5 7
F 6 5 0 9 4 18
F 7 1 6 9 4 7
F 8 0 5 11 3 5
F 9 1 6 9 3 7
F 10 4 0 3 2 7
F 11 1 5 11 2 5
F 12 1 6 9 2 7
F 13 1 5 11 1 5
F 14 1 6 9 1 7
P 0 61 48 0.1 7 red
P 1 10 12 0.7 70 null
P 2 50 15 0.2 20 null
P 3 76 49 0.5 50 null
P 4 33 29 0.4 40 null
P 5 46 46 0.1 3 blue
P 6 39 52 0.1 3 blue
P 7 90 88 0.7 70 null
P 8 50 85 0.2 20 null
P 9 24 51 0.5 50 null
P 10 67 71 0.4 40 null
P 11 54 54 0.1 10 null
F 0 5 0 7 10 24
F 5 1 6 9 6 7
F 6 5 0 9 5 18
F 7 1 6 9 5 7
F 8 0 5 11 4 5
F 9 1 6 9 4 7
F 10 4 0 3 3 7
F 11 1 5 11 3 5
F 12 1 6 9 3 7
F 13 1 5 11 2 5
F 14 1 6 9 2 7
F 15 1 5 11 1 5
F 16 1 6 9 1 7
P 0 61 48 0.1 5 red
P 1 10 12 0.7 70 null
P 2 50 15 0.2 20 null
P 3 76 49 0.5 50 null
P 4 33 29 0.4 40 null
P 5 46 46 0.1 3 blue
P 6 39 52 0.1 3 blue
P 7 90 88 0.7 70 null
P 8 50 85 0.2 20 null
P 9 24 51 0.5 49 null
P 10 67 71 0.4 40 null
P 11 54 54 0.1 10 null
F 0 5 0 7 11 24
F 6 5 0 9 6 18
F 7 1 6 9 6 7
F 9 1 6 9 5 7
F 10 4 0 3 4 7
F 11 1 5 11 4 5
F 12 1 6 9 4 7
F 13 1 5 11 3 5
F 14 1 6 9 3 7
F 15 1 5 11 2 5
F 16 1 6 9 2 7
F 17 3 0 7 1 24
F 18 1 5 11 1 5
F 19 1 6 9 1 7
P 0 61 48 0.1 6 red
P 1 10 12 0.7 70 null
P 2 50 15 0.2 20 null
P 3 76 49 0.5 50 null
P 4 33 29 0.4 40 null
P 5 46 46 0.1 3 blue
P 6 39 52 0.1 3 blue
P 7 90 88 0.7 70 null
P 8 50 85 0.2 20 null
P 9 24 51 0.5 48 null
P 10 67 71 0.4 40 null
P 11 54 54 0.1 9 null
F 0 5 0 7 12 24
F 6 5 0 9 7 18
F 9 1 6 9 6 7
F 10 4 0 3 5 7
F 12 1 6 9 5 7
F 13 1 5 11 4 5
F 14 1 6 9 4 7
F 15 1 5 11 3 5
F 16 1 6 9 3 7
F 17 3 0 7 2 24
F 18 1 5 11 2 5
F 19 1 6 9 2 7
F 20 1 5 11 1 5
F 21 1 6 9 1 7
P 0 61 48 0.1 7 red
P 1 10 12 0.7 70 null
P 2 50 15 0.2 20 null
P 3 76 49 0.5 50 null
P 4 33 29 0.4 40 null
P 5 46 46 0.1 3 blue
P 6 39 52 0.1 3 blue
P 7 90 88 0.7 70 null
P 8 50 85 0.2 20 null
P 9 24 51 0.5 47 null
P 10 67 71 0.4 40 null
P 11 54 54 0.1 8 null
F 0 5 0 7 13 24
F 6 5 0 9 8 18
F 10 4 0 3 6 7
F 12 1 6 9 6 7
F 14 1 6 9 5 7
F 15 1 5 11 4 5
F 16 1 6 9 4 7
F 17 3 0 7 3 24
F 18 1 5 11 3 5
F 19 1 6 9 3 7
F 20 1 5 11 2 5
F 21 1 6 9 2 7
F 22 1 5 11 1 5
F 23 1 6 9 1 7
P 0 61 48 0.1 8 red
P 1 10 12 0.7 70 null
P 2 50 15 0.2 20 null
P 3 76 49 0.5 46 null
P 4 33 29 0.4 40 null
P 5 46 46 0.1 3 blue
P 6 39 52 0.1 3 blue
P 7 90 88 0.7 70 null
P 8 50 85 0.2 20 null
P 9 24 51 0.5 46 null
P 10 67 71 0.4 40 null
P 11 54 54 0.1 7 null
F 0 5 0 7 14 24
F 6 5 0 9 9 18
F 14 1 6 9 6 7
F 16 1 6 9 5 7
F 17 3 0 7 4 24
F 18 1 5 11 4 5
F 19 1 6 9 4 7
F 20 1 5 11 3 5
F 21 1 6 9 3 7
F 22 1 5 11 2 5
F 23 1 6 9 2 7
F 24 1 5 11 1 5
F 25 1 6 9 1 7
P 0 61 48 0.1 9 red
P 1 10 12 0.7 70 null
P 2 50 15 0.2 20 null
P 3 76 49 0.5 46 null
P 4 33 29 0.4 40 null
P 5 46 46 0.1 3 blue
P 6 39 52 0.1 3 blue
P 7 90 88 0.7 70 null
P 8 50 85 0.2 20 null
P 9 24 51 0.5 45 null
P 10 67 71 0.4 40 null
P 11 54 54 0.1 6 null
F 0 5 0 7 15 24
F 6 5 0 9 10 18
F 16 1 6 9 6 7
F 17 3 0 7 5 24
F 19 1 6 9 5 7
F 20 1 5 11 4 5
F 21 1 6 9 4 7
F 22 1 5 11 3 5
F 23 1 6 9 3 7
F 24 1 5 11 2 5
F 25 1 6 9 2 7
F 26 1 5 11 1 5
F 27 1 6 9 1 7
P 0 61 48 0.1 10 red
P 1 10 12 0.7 70 null
P 2 50 15 0.2 20 null
P 3 76 49 0.5 46 null
P 4 33 29 0.4 40 null
P 5 46 46 0.1 3 blue
P 6 39 52 0.1 3 blue
P 7 90 88 0.7 70 null
P 8 50 85 0.2 20 null
P 9 24 51 0.5 44 null
P 10 67 71 0.4 40 null
P 11 54 54 0.1 5 null
F 0 5 0 7 16 24
F 6 5 0 9 11 18
F 17 3 0 7 6 24
F 19 1 6 9 6 7
F 21 1 6 9 5 7
F 22 1 5 11 4 5
F 23 1 6 9 4 7
F 24 1 5 11 3 5
F 25 1 6 9 3 7
F 26 1 5 11 2 5
F 27 1 6 9 2 7
F 28 1 5 11 1 5
F 29 1 6 9 1 7
P 0 61 48 0.1 6 red
P 1 10 12 0.7 70 null
P 2 50 15 0.2 20 null
P 3 76 49 0.5 46 null
P 4 33 29 0.4 40 null
P 5 46 46 0.1 3 blue
P 6 39 52 0.1 3 blue
P 7 90 88 0.7 70 null
P 8 50 85 0.2 20 null
P 9 24 51 0.5 43 null
P 10 67 71 0.4 40 null
P 11 54 54 0.1 4 null
F 0 5 0 7 17 24
F 6 5 0 9 12 18
F 17 3 0 7 7 24
F 21 1 6 9 6 7
F 23 1 6 9 5 7
F 24 1 5 11 4 5
F 25 1 6 9 4 7
F 26 1 5 11 3 5
F 27 1 6 9 3 7
F 28 1 5 11 2 5
F 29 1 6 9 2 7
F 30 5 0 11 1 4
F 31 1 5 11 1 5
F 32 1 6 9 1 7
P 0 61 48 0.1 7 red
P 1 10 12 0.7 70 null
P 2 50 15 0.2 20 null
P 3 76 49 0.5 46 null
P 4 33 29 0.4 40 null
P 5 46 46 0.1 3 blue
P 6 39 52 0.1 3 blue
P 7 90 88 0.7 70 null
P 8 50 85 0.2 20 null
P 9 24 51 0.5 42 null
P 10 67 71 0.4 40 null
P 11 54 54 0.1 3 null
F 0 5 0 7 18 24
F 6 5 0 9 13 18
F 17 3 0 7 8 24
F 23 1 6 9 6 7
F 25 1 6 9 5 7
F 26 1 5 11 4 5
F 27 1 6 9 4 7
F 28 1 5 11 3 5
F 29 1 6 9 3 7
F 30 5 0 11 2 4
F 31 1 5 11 2 5
F 32 1 6 9 2 7
F 33 1 5 11 1 5
F 34 1 6 9 1 7
P 0 61 48 0.1 5 red
P 1 10 12 0.7 70 null
P 2 50 15 0.2 20 null
P 3 76 49 0.5 46 null
P 4 33 29 0.4 40 null
P 5 46 46 0.1 3 blue
P 6 39 52 0.1 3 blue
P 7 90 88 0.7 70 null
P 8 50 85 0.2 20 null
P 9 24 51 0.5 41 null
P 10 67 71 0.4 40 null
P 11 54 54 0.1 2 null
F 0 5 0 7 19 24
F 6 5 0 9 14 18
F 17 3 0 7 9 24
F 25 1 6 9 6 7
F 27 1 6 9 5 7
F 28 1 5 11 4 5
F 29 1 6 9 4 7
F 30 5 0 11 3 4
F 31 1 5 11 3 5
F 32 1 6 9 3 7
F 33 1 5 11 2 5
F 34 1 6 9 2 7
F 35 3 0 6 1 11
F 36 1 5 4 1 10
F 37 1 6 9 1 7
P 0 61 48 0.1 6 red
P 1 10 12 0.7 70 null
P 2 50 15 0.2 20 null
P 3 76 49 0.5 46 null
P 4 33 29 0.4 40 null
P 5 46 46 0.1 3 blue
P 6 39 52 0.1 3 blue
P 7 90 88 0.7 70 null
P 8 50 85 0.2 20 null
P 9 24 51 0.5 40 null
P 10 67 71 0.4 40 null
P 11 54 54 0.1 4 red
F 0 5 0 7 20 24
F 6 5 0 9 15 18
F 17 3 0 7 10 24
F 27 1 6 9 6 7
F 29 1 6 9 5 7
F 31 1 5 11 4 5
F 32 1 6 9 4 7
F 33 1 5 11 3 5
F 34 1 6 9 3 7
F 35 3 0 6 2 11
F 36 1 5 4 2 10
F 37 1 6 9 2 7
F 38 1 5 4 1 10
F 39 1 6 9 1 7
P 0 61 48 0.1 7 red
P 1 10 12 0.7 70 null
P 2 50 15 0.2 20 null
P 3 76 49 0.5 46 null
P 4 33 29 0.4 40 null
P 5 46 46 0.1 3 blue
P 6 39 52 0.1 3 blue
P 7 90 88 0.7 70 null
P 8 50 85 0.2 20 null
P 9 24 51 0.5 39 null
P 10 67 71 0.4 40 null
P 11 54 54 0.1 4 red
F 0 5 0 7 21 24
F 6 5 0 9 16 18
F 17 3 0 7 11 24
F 29 1 6 9 6 7
F 32 1 6 9 5 7
F 33 1 5 11 4 5
F 34 1 6 9 4 7
F 35 3 0 6 3 11
F 36 1 5 4 3 10
F 37 1 6 9 3 7
F 38 1 5 4 2 10
F 39 1 6 9 2 7
F 40 1 5 4 1 10
F 41 1 6 9 1 7
P 0 61 48 0.1 8 red
P 1 10 12 0.7 70 null
P 2 50 15 0.2 20 null
P 3 76 49 0.5 46 null
P 4 33 29 0.4 40 null
P 5 46 46 0.1 3 blue
P 6 39 52 0.1 3 blue
P 7 90 88 0.7 70 null
P 8 50 85 0.2 20 null
P 9 24 51 0.5 38 null
P 10 67 71 0.4 40 null
P 11 54 54 0.1 4 red
F 0 5 0 7 22 24
F 6 5 0 9 17 18
F 17 3 0 7 12 24
F 32 1 6 9 6 7
F 34 1 6 9 5 7
F 35 3 0 6 4 11
F 36 1 5 4 4 10
F 37 1 6 9 4 7
F 38 1 5 4 3 10
F 39 1 6 9 3 7
F 40 1 5 4 2 10
F 41 1 6 9 2 7
F 42 1 5 4 1 10
F 43 1 6 9 1 7
P 0 61 48 0.1 9 red
P 1 10 12 0.7 70 null
P 2 50 15 0.2 20 null
P 3 76 49 0.5 46 null
P 4 33 29 0.4 40 null
P 5 46 46 0.1 3 blue
P 6 39 52 0.1 3 blue
P 7 90 88 0.7 70 null
P 8 50 85 0.2 20 null
P 9 24 51 0.5 32 null
P 10 67 71 0.4 40 null
P 11 54 54 0.1 5 red
F 0 5 0 7 23 24
F 17 3 0 7 13 24
F 34 1 6 9 6 7
F 35 3 0 6 5 11
F 36 1 5 4 5 10
F 37 1 6 9 5 7
F 38 1 5 4 4 10
F 39 1 6 9 4 7
F 40 1 5 4 3 10
F 41 1 6 9 3 7
F 42 1 5 4 2 10
F 43 1 6 9 2 7
F 44 1 5 4 1 10
F 45 1 6 9 1 7
P 0 61 48 0.1 10 red
P 1 10 12 0.7 70 null
P 2 50 15 0.2 20 null
P 3 76 49 0.5 46 null
P 4 33 29 0.4 40 null
P 5 46 46 0.1 3 blue
P 6 39 52 0.1 3 blue
P 7 90 88 0.7 65 null
P 8 50 85 0.2 20 null
P 9 24 51 0.5 31 null
P 10 67 71 0.4 40 null
P 11 54 54 0.1 6 red
F 17 3 0 7 14 24
F 35 3 0 6 6 11
F 36 1 5 4 6 10
F 37 1 6 9 6 7
F 38 1 5 4 5 10
F 39 1 6 9 5 7
F 40 1 5 4 4 10
F 41 1 6 9 4 7
F 42 1 5 4 3 10
F 43 1 6 9 3 7
F 44 1 5 4 2 10
F 45 1 6 9 2 7
F 46 1 5 4 1 10
F 47 1 6 9 1 7
P 0 61 48 0.1 6 red
P 1 10 12 0.7 70 null
P 2 50 15 0.2 20 null
P 3 76 49 0.5 46 null
P 4 33 29 0.4 40 null
P 5 46 46 0.1 3 blue
P 6 39 52 0.1 3 blue
P 7 90 88 0.7 65 null
P 8 50 85 0.2 20 null
P 9 24 51 0.5 30 null
P 10 67 71 0.4 40 null
P 11 54 54 0.1 4 red
F 17 3 0 7 15 24
F 35 3 0 6 7 11
F 36 1 5 4 7 10
F 38 1 5 4 6 10
F 39 1 6 9 6 7
F 40 1 5 4 5 10
F 41 1 6 9 5 7
F 42 1 5 4 4 10
F 43 1 6 9 4 7
F 44 1 5 4 3 10
F 45 1 6 9 3 7
F 46 1 5 4 2 10
F 47 1 6 9 2 7
F 48 5 0 3 1 7
F 49 3 11 7 1 24
F 50 1 5 4 1 10
F 51 1 6 9 1 7
P 0 61 48 0.1 7 red
P 1 10 12 0.7 70 null
P 2 50 15 0.2 20 null
P 3 76 49 0.5 46 null
P 4 33 29 0.4 40 null
P 5 46 46 0.1 3 blue
P 6 39 52 0.1 3 blue
P 7 90 88 0.7 65 null
P 8 50 85 0.2 20 null
P 9 24 51 0.5 29 null
P 10 67 71 0.4 40 null
P 11 54 54 0.1 5 red
F 17 3 0 7 16 24
F 35 3 0 6 8 11
F 36 1 5 4 8 10
F 38 1 5 4 7 10
F 40 1 5 4 6 10
F 41 1 6 9 6 7
F 42 1 5 4 5 10
F 43 1 6 9 5 7
F 44 1 5 4 4 10
F 45 1 6 9 4 7
F 46 1 5 4 3 10
F 47 1 6 9 3 7
F 48 5 0 3 2 7
F 49 3 11 7 2 24
F 50 1 5 4 2 10
F 51 1 6 9 2 7
F 52 1 5 4 1 10
F 53 1 6 9 1 7
P 0 61 48 0.1 5 red
P 1 10 12 0.7 70 null
P 2 50 15 0.2 20 null
P 3 76 49 0.5 46 null
P 4 33 29 0.4 40 null
P 5 46 46 0.1 3 blue
P 6 39 52 0.1 3 blue
P 7 90 88 0.7 65 null
P 8 50 85 0.2 20 null
P 9 24 51 0.5 28 null
P 10 67 71 0.4 40 null
P 11 54 54 0.1 4 red
F 17 3 0 7 17 24
F 35 3 0 6 9 11
F 36 1 5 4 9 10
F 38 1 5 4 8 10
F 40 1 5 4 7 10
F 42 1 5 4 6 10
F 43 1 6 9 6 7
F 44 1 5 4 5 10
F 45 1 6 9 5 7
F 46 1 5 4 4 10
F 47 1 6 9 4 7
F 48 5 0 3 3 7
F 49 3 11 7 3 24
F 50 1 5 4 3 10
F 51 1 6 9 3 7
F 52 1 5 4 2 10
F 53 1 6 9 2 7
F 54 3 0 9 1 18
F 55 2 11 5 1 5
F 56 1 5 4 1 10
F 57 1 6 9 1 7
P 0 61 48 0.1 6 red
P 1 10 12 0.7 70 null
P 2 50 15 0.2 20 null
P 3 76 49 0.5 46 null
P 4 33 29 0.4 39 null
P 5 46 46 0.1 3 blue
P 6 39 52 0.1 3 blue
P 7 90 88 0.7 65 null
P 8 50 85 0.2 20 null
P 9 24 51 0.5 27 null
P 10 67 71 0.4 40 null
P 11 54 54 0.1 5 red
F 17 3 0 7 18 24
F 35 3 0 6 10 11
F 38 1 5 4 9 10
F 40 1 5 4 8 10
F 42 1 5 4 7 10
F 44 1 5 4 6 10
F 45 1 6 9 6 7
F 46 1 5 4 5 10
F 47 1 6 9 5 7
F 48 5 0 3 4 7
F 49 3 11 7 4 24
F 50 1 5 4 4 10
F 51 1 6 9 4 7
F 52 1 5 4 3 10
F 53 1 6 9 3 7
F 54 3 0 9 2 18
F 55 2 11 5 2 5
F 56 1 5 4 2 10
F 57 1 6 9 2 7
F 58 1 5 4 1 10
F 59 1 6 9 1 7
P 0 61 48 0.1 7 red
P 1 10 12 0.7 70 null
P 2 50 15 0.2 20 null
P 3 76 49 0.5 46 null
P 4 33 29 0.4 38 null
P 5 46 46 0.1 3 blue
P 6 39 52 0.1 0 red
P 7 90 88 0.7 65 null
P 8 50 85 0.2 20 null
P 9 24 51 0.5 26 null
P 10 67 71 0.4 40 null
P 11 54 54 0.1 6 red
F 17 3 0 7 19 24
F 40 1 5 4 9 10
F 42 1 5 4 8 10
F 44 1 5 4 7 10
F 46 1 5 4 6 10
F 47 1 6 9 6 7
F 48 5 0 3 5 7
F 49 3 11 7 5 24
F 50 1 5 4 5 10
F 51 1 6 9 5 7
F 52 1 5 4 4 10
F 53 1 6 9 4 7
F 54 3 0 9 3 18
F 55 2 11 5 3 5
F 56 1 5 4 3 10
F 57 1 6 9 3 7
F 58 1 5 4 2 10
F 59 1 6 9 2 7
F 60 1 5 4 1 10
F 61 1 6 9 1 7
P 0 61 48 0.1 8 red
P 1 10 12 0.7 70 null
P 2 50 15 0.2 20 null
P 3 76 49 0.5 46 null
P 4 33 29 0.4 37 null
P 5 46 46 0.1 3 blue
P 6 39 52 0.1 1 red
P 7 90 88 0.7 65 null
P 8 50 85 0.2 20 null
P 9 24 51 0.5 25 null
P 10 67 71 0.4 40 null
P 11 54 54 0.1 7 red
F 17 3 0 7 20 24
F 42 1 5 4 9 10
F 44 1 5 4 8 10
F 46 1 5 4 7 10
F 48 5 0 3 6 7
F 49 3 11 7 6 24
F 50 1 5 4 6 10
F 51 1 6 9 6 7
F 52 1 5 4 5 10
F 53 1 6 9 5 7
F 54 3 0 9 4 18
F 55 2 11 5 4 5
F 56 1 5 4 4 10
F 57 1 6 9 4 7
F 58 1 5 4 3 10
F 59 1 6 9 3 7
F 60 1 5 4 2 10
F 61 1 6 9 2 7
F 62 1 5 4 1 10
P 0 61 48 0.1 9 red
P 1 10 12 0.7 70 null
P 2 50 15 0.2 20 null
P 3 76 49 0.5 41 null
P 4 33 29 0.4 36 null
P 5 46 46 0.1 1 blue
P 6 39 52 0.1 2 red
P 7 90 88 0.7 65 null
P 8 50 85 0.2 20 null
P 9 24 51 0.5 24 null
P 10 67 71 0.4 40 null
P 11 54 54 0.1 8 red
F 17 3 0 7 21 24
F 44 1 5 4 9 10
F 46 1 5 4 8 10
F 49 3 11 7 7 24
F 50 1 5 4 7 10
F 52 1 5 4 6 10
F 53 1 6 9 6 7
F 54 3 0 9 5 18
F 56 1 5 4 5 10
F 57 1 6 9 5 7
F 58 1 5 4 4 10
F 59 1 6 9 4 7
F 60 1 5 4 3 10
F 61 1 6 9 3 7
F 62 1 5 4 2 10
F 63 1 5 4 1 10
P 0 61 48 0.1 10 red
P 1 10 12 0.7 70 null
P 2 50 15 0.2 20 null
P 3 76 49 0.5 41 null
P 4 33 29 0.4 35 null
P 5 46 46 0.1 2 blue
P 6 39 52 0.1 3 red
P 7 90 88 0.7 65 null
P 8 50 85 0.2 20 null
P 9 24 51 0.5 23 null
P 10 67 71 0.4 40 null
P 11 54 54 0.1 9 red
F 17 3 0 7 22 24
F 46 1 5 4 9 10
F 49 3 11 7 8 24
F 50 1 5 4 8 10
F 52 1 5 4 7 10
F 54 3 0 9 6 18
F 56 1 5 4 6 10
F 57 1 6 9 6 7
F 58 1 5 4 5 10
F 59 1 6 9 5 7
F 60 1 5 4 4 10
F 61 1 6 9 4 7
F 62 1 5 4 3 10
F 63 1 5 4 2 10
F 64 0 5 4 1 10
P 0 61 48 0.1 11 red
P 1 10 12 0.7 70 null
P 2 50 15 0.2 20 null
P 3 76 49 0.5 41 null
P 4 33 29 0.4 34 null
P 5 46 46 0.1 2 blue
P 6 39 52 0.1 4 red
P 7 90 88 0.7 65 null
P 8 50 85 0.2 20 null
P 9 24 51 0.5 22 null
P 10 67 71 0.4 40 null
P 11 54 54 0.1 10 red
F 17 3 0 7 23 24
F 49 3 11 7 9 24
F 50 1 5 4 9 10
F 52 1 5 4 8 10
F 54 3 0 9 7 18
F 56 1 5 4 7 10
F 58 1 5 4 6 10
F 59 1 6 9 6 7
F 60 1 5 4 5 10
F 61 1 6 9 5 7
F 62 1 5 4 4 10
F 63 1 5 4 3 10
F 64 0 5 4 2 10
F 65 1 5 4 1 10
P 0 61 48 0.1 12 red
P 1 10 12 0.7 70 null
P 2 50 15 0.2 20 null
P 3 76 49 0.5 41 null
P 4 33 29 0.4 33 null
P 5 46 46 0.1 2 blue
P 6 39 52 0.1 5 red
P 7 90 88 0.7 62 null
P 8 50 85 0.2 20 null
P 9 24 51 0.5 21 null
P 10 67 71 0.4 40 null
P 11 54 54 0.1 11 red
F 49 3 11 7 10 24
F 52 1 5 4 9 10
F 54 3 0 9 8 18
F 56 1 5 4 8 10
F 58 1 5 4 7 10
F 60 1 5 4 6 10
F 61 1 6 9 6 7
F 62 1 5 4 5 10
F 63 1 5 4 4 10
F 64 0 5 4 3 10
F 65 1 5 4 2 10
F 66 1 5 4 1 10
P 0 61 48 0.1 13 red
P 1 10 12 0.7 70 null
P 2 50 15 0.2 20 null
P 3 76 49 0.5 41 null
P 4 33 29 0.4 32 null
P 5 46 46 0.1 2 blue
P 6 39 52 0.1 6 red
P 7 90 88 0.7 62 null
P 8 50 85 0.2 20 null
P 9 24 51 0.5 20 null
P 10 67 71 0.4 40 null
P 11 54 54 0.1 12 red
F 49 3 11 7 11 24
F 54 3 0 9 9 18
F 56 1 5 4 9 10
F 58 1 5 4 8 10
F 60 1 5 4 7 10
F 62 1 5 4 6 10
F 63 1 5 4 5 10
F 64 0 5 4 4 10
F 65 1 5 4 3 10
F 66 1 5 4 2 10
F 67 1 5 4 1 10
P 0 61 48 0.1 8 red
P 1 10 12 0.7 70 null
P 2 50 15 0.2 20 null
P 3 76 49 0.5 41 null
P 4 33 29 0.4 31 null
P 5 46 46 0.1 2 blue
P 6 39 52 0.1 4 red
P 7 90 88 0.7 62 null
P 8 50 85 0.2 20 null
P 9 24 51 0.5 20 null
P 10 67 71 0.4 40 null
P 11 54 54 0.1 7 red
F 49 3 11 7 12 24
F 54 3 0 9 10 18
F 58 1 5 4 9 10
F 60 1 5 4 8 10
F 62 1 5 4 7 10
F 63 1 5 4 6 10
F 64 0 5 4 5 10
F 65 1 5 4 4 10
F 66 1 5 4 3 10
F 67 1 5 4 2 10
F 68 6 0 1 1 31
F 69 3 6 5 1 4
F 70 6 11 2 1 19
F 71 1 5 4 1 10
P 0 61 48 0.1 9 red
P 1 10 12 0.7 70 null
P 2 50 15 0.2 20 null
P 3 76 49 0.5 41 null
P 4 33 29 0.4 30 null
P 5 46 46 0.1 2 blue
P 6 39 52 0.1 5 red
P 7 90 88 0.7 62 null
P 8 50 85 0.2 20 null
P 9 24 51 0.5 20 null
P 10 67 71 0.4 40 null
P 11 54 54 0.1 8 red
F 49 3 11 7 13 24
F 54 3 0 9 11 18
F 60 1 5 4 9 10
F 62 1 5 4 8 10
F 63 1 5 4 7 10
F 64 0 5 4 6 10
F 65 1 5 4 5 10
F 66 1 5 4 4 10
F 67 1 5 4 3 10
F 68 6 0 1 2 31
F 69 3 6 5 2 4
F 70 6 11 2 2 19
F 71 1 5 4 2 10
F 72 1 5 4 1 10
P 0 61 48 0.1 10 red
P 1 10 12 0.7 70 null
P 2 50 15 0.2 20 null
P 3 76 49 0.5 41 null
P 4 33 29 0.4 29 null
P 5 46 46 0.1 2 blue
P 6 39 52 0.1 6 red
P 7 90 88 0.7 62 null
P 8 50 85 0.2 20 null
P 9 24 51 0.5 20 null
P 10 67 71 0.4 40 null
P 11 54 54 0.1 9 red
F 49 3 11 7 14 24
F 54 3 0 9 12 18
F 62 1 5 4 9 10
F 63 1 5 4 8 10
F 64 0 5 4 7 10
F 65 1 5 4 6 10
F 66 1 5 4 5 10
F 67 1 5 4 4 10
F 68 6 0 1 3 31
F 69 3 6 5 3 4
F 70 6 11 2 3 19
F 71 1 5 4 3 10
F 72 1 5 4 2 10
F 73 1 5 4 1 10
P 0 61 48 0.1 11 red
P 1 10 12 0.7 70 null
P 2 50 15 0.2 20 null
P 3 76 49 0.5 41 null
P 4 33 29 0.4 28 null
P 5 46 46 0.1 1 red
P 6 39 52 0.1 7 red
P 7 90 88 0.7 62 null
P 8 50 85 0.2 20 null
P 9 24 51 0.5 20 null
P 10 67 71 0.4 40 null
P 11 54 54 0.1 10 red
F 49 3 11 7 15 24
F 54 3 0 9 13 18
F 63 1 5 4 9 10
F 64 0 5 4 8 10
F 65 1 5 4 7 10
F 66 1 5 4 6 10
F 67 1 5 4 5 10
F 68 6 0 1 4 31
F 70 6 11 2 4 19
F 71 1 5 4 4 10
F 72 1 5 4 3 10
F 73 1 5 4 2 10
F 74 1 5 4 1 10
P 0 61 48 0.1 12 red
P 1 10 12 0.7 70 null
P 2 50 15 0.2 20 null
P 3 76 49 0.5 41 null
P 4 33 29 0.4 27 null
P 5 46 46 0.1 2 red
P 6 39 52 0.1 8 red
P 7 90 88 0.7 62 null
P 8 50 85 0.2 20 null
P 9 24 51 0.5 20 null
P 10 67 71 0.4 40 null
P 11 54 54 0.1 11 red
F 49 3 11 7 16 24
F 54 3 0 9 14 18
F 64 0 5 4 9 10
F 65 1 5 4 8 10
F 66 1 5 4 7 10
F 67 1 5 4 6 10
F 68 6 0 1 5 31
F 70 6 11 2 5 19
F 71 1 5 4 5 10
F 72 1 5 4 4 10
F 73 1 5 4 3 10
F 74 1 5 4 2 10
P 0 61 48 0.1 13 red
P 1 10 12 0.7 70 null
P 2 50 15 0.2 20 null
P 3 76 49 0.5 41 null
P 4 33 29 0.4 27 null
P 5 46 46 0.1 3 red
P 6 39 52 0.1 9 red
P 7 90 88 0.7 62 null
P 8 50 85 0.2 20 null
P 9 24 51 0.5 20 null
P 10 67 71 0.4 40 null
P 11 54 54 0.1 12 red
F 49 3 11 7 17 24
F 54 3 0 9 15 18
F 65 1 5 4 9 10
F 66 1 5 4 8 10
F 67 1 5 4 7 10
F 68 6 0 1 6 31
F 70 6 11 2 6 19
F 71 1 5 4 6 10
F 72 1 5 4 5 10
F 73 1 5 4 4 10
F 74 1 5 4 3 10
P 0 61 48 0.1 14 red
P 1 10 12 0.7 70 null
P 2 50 15 0.2 20 null
P 3 76 49 0.5 41 null
P 4 33 29 0.4 26 null
P 5 46 46 0.1 4 red
P 6 39 52 0.1 10 red
P 7 90 88 0.7 62 null
P 8 50 85 0.2 20 null
P 9 24 51 0.5 20 null
P 10 67 71 0.4 40 null
P 11 54 54 0.1 13 red
F 49 3 11 7 18 24
F 54 3 0 9 16 18
F 66 1 5 4 9 10
F 67 1 5 4 8 10
F 68 6 0 1 7 31
F 70 6 11 2 7 19
F 71 1 5 4 7 10
F 72 1 5 4 6 10
F 73 1 5 4 5 10
F 74 1 5 4 4 10
P 0 61 48 0.1 15 red
P 1 10 12 0.7 70 null
P 2 50 15 0.2 20 null
P 3 76 49 0.5 41 null
P 4 33 29 0.4 25 null
P 5 46 46 0.1 5 red
P 6 39 52 0.1 11 red
P 7 90 88 0.7 62 null
P 8 50 85 0.2 20 null
P 9 24 51 0.5 20 null
P 10 67 71 0.4 40 null
P 11 54 54 0.1 14 red
F 49 3 11 7 19 24
F 54 3 0 9 17 18
F 67 1 5 4 9 10
F 68 6 0 1 8 31
F 70 6 11 2 8 19
F 71 1 5 4 8 10
F 72 1 5 4 7 10
F 73 1 5 4 6 10
F 74 1 5 4 5 10
P 0 61 48 0.1 16 red
P 1 10 12 0.7 70 null
P 2 50 15 0.2 20 null
P 3 76 49 0.5 41 null
P 4 33 29 0.4 24 null
P 5 46 46 0.1 6 red
P 6 39 52 0.1 12 red
P 7 90 88 0.7 62 null
P 8 50 85 0.2 20 null
P 9 24 51 0.5 17 null
P 10 67 71 0.4 40 null
P 11 54 54 0.1 15 red
F 49 3 11 7 20 24
F 68 6 0 1 9 31
F 70 6 11 2 9 19
F 71 1 5 4 9 10
F 72 1 5 4 8 10
F 73 1 5 4 7 10
F 74 1 5 4 6 10
P 0 61 48 0.1 17 red
P 1 10 12 0.7 70 null
P 2 50 15 0.2 20 null
P 3 76 49 0.5 41 null
P 4 33 29 0.4 23 null
P 5 46 46 0.1 7 red
P 6 39 52 0.1 13 red
P 7 90 88 0.7 62 null
P 8 50 85 0.2 20 null
P 9 24 51 0.5 17 null
P 10 67 71 0.4 40 null
P 11 54 54 0.1 16 red
F 49 3 11 7 21 24
F 68 6 0 1 10 31
F 70 6 11 2 10 19
F 72 1 5 4 9 10
F 73 1 5 4 8 10
F 74 1 5 4 7 10
P 0 61 48 0.1 18 red
P 1 10 12 0.7 70 null
P 2 50 15 0.2 20 null
P 3 76 49 0.5 41 null
P 4 33 29 0.4 22 null
P 5 46 46 0.1 8 red
P 6 39 52 0.1 14 red
P 7 90 88 0.7 62 null
P 8 50 85 0.2 20 null
P 9 24 51 0.5 17 null
P 10 67 71 0.4 40 null
P 11 54 54 0.1 17 red
F 49 3 11 7 22 24
F 68 6 0 1 11 31
F 70 6 11 2 11 19
F 73 1 5 4 9 10
F 74 1 5 4 8 10
P 0 61 48 0.1 19 red
P 1 10 12 0.7 70 null
P 2 50 15 0.2 20 null
P 3 76 49 0.5 41 null
P 4 33 29 0.4 21 null
P 5 46 46 0.1 9 red
P 6 39 52 0.1 15 red
P 7 90 88 0.7 62 null
P 8 50 85 0.2 20 null
P 9 24 51 0.5 17 null
P 10 67 71 0.4 40 null
P 11 54 54 0.1 18 red
F 49 3 11 7 23 24
F 68 6 0 1 12 31
F 70 6 11 2 12 19
F 74 1 5 4 9 10
L out_of_ships
