...
U 100 100
C /var/www/TekmovanjaFamnit/cli/1049/f921ccea-5bf0-49a7-a5b3-b14397581584/Challenger red
C /var/www/TekmovanjaFamnit/cli/1049/f921ccea-5bf0-49a7-a5b3-b14397581584/0_c0478831-6298-4218-90ac-7832f22e79b1 blue
R 88 red
R 88 blue
P 0 31 24 0.8 88 red
P 1 23 22 0.9 90 null
P 2 29 46 0.6 60 null
P 3 33 4 0.2 20 null
P 4 64 1 0.4 40 null
P 5 99 36 0.4 40 null
P 6 69 76 0.8 88 blue
P 7 77 78 0.9 90 null
P 8 71 54 0.6 60 null
P 9 67 96 0.2 20 null
P 10 36 99 0.4 40 null
P 11 1 64 0.4 40 null
/var/www/TekmovanjaFamnit/cli/1049/f921ccea-5bf0-49a7-a5b3-b14397581584/0_c0478831-6298-4218-90ac-7832f22e79b1>L exit
L /var/www/TekmovanjaFamnit/cli/1049/f921ccea-5bf0-49a7-a5b3-b14397581584/0_c0478831-6298-4218-90ac-7832f22e79b1 Player sent:L exit
R 96 red
R 96 blue
P 0 31 24 0.8 52 red
P 1 23 22 0.9 90 null
P 2 29 46 0.6 60 null
P 3 33 4 0.2 20 null
P 4 64 1 0.4 40 null
P 5 99 36 0.4 40 null
P 6 69 76 0.8 96 blue
P 7 77 78 0.9 90 null
P 8 71 54 0.6 60 null
P 9 67 96 0.2 20 null
P 10 36 99 0.4 40 null
P 11 1 64 0.4 40 null
F 0 44 0 6 1 32
