...
U 100 100
C /var/www/TekmovanjaFamnit/cli/1049/4a6ec613-3915-475f-b081-09eb31672307/Challenger red
C /var/www/TekmovanjaFamnit/cli/1049/4a6ec613-3915-475f-b081-09eb31672307/1_626d5fbf-b5fd-4ac9-ace9-e93d4642695a blue
R 44 red
R 44 blue
P 0 3 14 0.4 44 red
P 1 27 23 0.5 50 null
P 2 11 43 0.4 40 null
P 3 63 3 0.5 50 null
P 4 13 26 0.8 80 null
P 5 97 86 0.4 44 blue
P 6 73 77 0.5 50 null
P 7 89 57 0.4 40 null
P 8 37 97 0.5 50 null
P 9 87 74 0.8 80 null
R 48 red
R 48 blue
P 0 3 14 0.4 48 red
P 1 27 23 0.5 50 null
P 2 11 43 0.4 40 null
P 3 63 3 0.5 50 null
P 4 13 26 0.8 80 null
P 5 97 86 0.4 26 blue
P 6 73 77 0.5 50 null
P 7 89 57 0.4 40 null
P 8 37 97 0.5 50 null
P 9 87 74 0.8 80 null
F 0 22 5 9 1 7
R 52 red
R 52 blue
P 0 3 14 0.4 52 red
P 1 27 23 0.5 50 null
P 2 11 43 0.4 40 null
P 3 63 3 0.5 50 null
P 4 13 26 0.8 80 null
P 5 97 86 0.4 17 blue
P 6 73 77 0.5 50 null
P 7 89 57 0.4 40 null
P 8 37 97 0.5 50 null
P 9 87 74 0.8 80 null
F 0 22 5 9 2 7
F 1 13 5 9 1 7
R 56 red
R 56 blue
P 0 3 14 0.4 56 red
P 1 27 23 0.5 50 null
P 2 11 43 0.4 40 null
P 3 63 3 0.5 50 null
P 4 13 26 0.8 80 null
P 5 97 86 0.4 13 blue
P 6 73 77 0.5 50 null
P 7 89 57 0.4 40 null
P 8 37 97 0.5 50 null
P 9 87 74 0.8 80 null
F 0 22 5 9 3 7
F 1 13 5 9 2 7
F 2 8 5 9 1 7
R 60 red
R 60 blue
P 0 3 14 0.4 60 red
P 1 27 23 0.5 50 null
P 2 11 43 0.4 40 null
P 3 63 3 0.5 50 null
P 4 13 26 0.8 80 null
P 5 97 86 0.4 11 blue
P 6 73 77 0.5 50 null
P 7 89 57 0.4 40 null
P 8 37 97 0.5 50 null
P 9 87 74 0.8 80 null
F 0 22 5 9 4 7
F 1 13 5 9 3 7
F 2 8 5 9 2 7
F 3 6 5 9 1 7
R 64 red
R 64 blue
P 0 3 14 0.4 64 red
P 1 27 23 0.5 50 null
P 2 11 43 0.4 40 null
P 3 63 3 0.5 50 null
P 4 13 26 0.8 80 null
P 5 97 86 0.4 10 blue
P 6 73 77 0.5 50 null
P 7 89 57 0.4 40 null
P 8 37 97 0.5 50 null
P 9 87 74 0.8 80 null
F 0 22 5 9 5 7
F 1 13 5 9 4 7
F 2 8 5 9 3 7
F 3 6 5 9 2 7
F 4 5 5 9 1 7
R 68 red
R 68 blue
P 0 3 14 0.4 68 red
P 1 27 23 0.5 50 null
P 2 11 43 0.4 40 null
P 3 63 3 0.5 50 null
P 4 13 26 0.8 80 null
P 5 97 86 0.4 9 blue
P 6 73 77 0.5 50 null
P 7 89 57 0.4 40 null
P 8 37 97 0.5 50 null
P 9 87 74 0.8 80 null
F 0 22 5 9 6 7
F 1 13 5 9 5 7
F 2 8 5 9 4 7
F 3 6 5 9 3 7
F 4 5 5 9 2 7
F 5 5 5 9 1 7
R 72 red
R 50 blue
P 0 3 14 0.4 72 red
P 1 27 23 0.5 50 null
P 2 11 43 0.4 40 null
P 3 63 3 0.5 50 null
P 4 13 26 0.8 80 null
P 5 97 86 0.4 9 blue
P 6 73 77 0.5 50 null
P 7 89 57 0.4 40 null
P 8 37 97 0.5 50 null
P 9 87 74 0.8 58 null
F 1 13 5 9 6 7
F 2 8 5 9 5 7
F 3 6 5 9 4 7
F 4 5 5 9 3 7
F 5 5 5 9 2 7
F 6 4 5 9 1 7
R 76 red
R 41 blue
P 0 3 14 0.4 76 red
P 1 27 23 0.5 50 null
P 2 11 43 0.4 40 null
P 3 63 3 0.5 50 null
P 4 13 26 0.8 80 null
P 5 97 86 0.4 9 blue
P 6 73 77 0.5 50 null
P 7 89 57 0.4 40 null
P 8 37 97 0.5 50 null
P 9 87 74 0.8 45 null
F 2 8 5 9 6 7
F 3 6 5 9 5 7
F 4 5 5 9 4 7
F 5 5 5 9 3 7
F 6 4 5 9 2 7
F 7 4 5 9 1 7
R 80 red
R 37 blue
P 0 3 14 0.4 80 red
P 1 27 23 0.5 50 null
P 2 11 43 0.4 40 null
P 3 63 3 0.5 50 null
P 4 13 26 0.8 80 null
P 5 97 86 0.4 9 blue
P 6 73 77 0.5 50 null
P 7 89 57 0.4 40 null
P 8 37 97 0.5 50 null
P 9 87 74 0.8 37 null
F 3 6 5 9 6 7
F 4 5 5 9 5 7
F 5 5 5 9 4 7
F 6 4 5 9 3 7
F 7 4 5 9 2 7
F 8 4 5 9 1 7
R 84 red
R 35 blue
P 0 3 14 0.4 44 red
P 1 27 23 0.5 50 null
P 2 11 43 0.4 40 null
P 3 63 3 0.5 50 null
P 4 13 26 0.8 80 null
P 5 97 86 0.4 9 blue
P 6 73 77 0.5 50 null
P 7 89 57 0.4 40 null
P 8 37 97 0.5 50 null
P 9 87 74 0.8 31 null
F 4 5 5 9 6 7
F 5 5 5 9 5 7
F 6 4 5 9 4 7
F 7 4 5 9 3 7
F 8 4 5 9 2 7
F 9 40 0 9 1 51
F 10 4 5 9 1 7
R 88 red
R 34 blue
P 0 3 14 0.4 48 red
P 1 27 23 0.5 50 null
P 2 11 43 0.4 40 null
P 3 63 3 0.5 50 null
P 4 13 26 0.8 80 null
P 5 97 86 0.4 9 blue
P 6 73 77 0.5 50 null
P 7 89 57 0.4 40 null
P 8 37 97 0.5 50 null
P 9 87 74 0.8 26 null
F 5 5 5 9 6 7
F 6 4 5 9 5 7
F 7 4 5 9 4 7
F 8 4 5 9 3 7
F 9 40 0 9 2 51
F 10 4 5 9 2 7
F 11 4 5 9 1 7
R 92 red
R 33 blue
P 0 3 14 0.4 52 red
P 1 27 23 0.5 50 null
P 2 11 43 0.4 40 null
P 3 63 3 0.5 50 null
P 4 13 26 0.8 80 null
P 5 97 86 0.4 9 blue
P 6 73 77 0.5 50 null
P 7 89 57 0.4 40 null
P 8 37 97 0.5 50 null
P 9 87 74 0.8 21 null
F 6 4 5 9 6 7
F 7 4 5 9 5 7
F 8 4 5 9 4 7
F 9 40 0 9 3 51
F 10 4 5 9 3 7
F 11 4 5 9 2 7
F 12 4 5 9 1 7
R 96 red
R 33 blue
P 0 3 14 0.4 30 red
P 1 27 23 0.5 50 null
P 2 11 43 0.4 40 null
P 3 63 3 0.5 50 null
P 4 13 26 0.8 80 null
P 5 97 86 0.4 9 blue
P 6 73 77 0.5 50 null
P 7 89 57 0.4 40 null
P 8 37 97 0.5 50 null
P 9 87 74 0.8 17 null
F 7 4 5 9 6 7
F 8 4 5 9 5 7
F 9 40 0 9 4 51
F 10 4 5 9 4 7
F 11 4 5 9 3 7
F 12 4 5 9 2 7
F 13 26 0 9 1 51
F 14 4 5 9 1 7
R 100 red
R 33 blue
P 0 3 14 0.4 34 red
P 1 27 23 0.5 50 null
P 2 11 43 0.4 40 null
P 3 63 3 0.5 50 null
P 4 13 26 0.8 80 null
P 5 97 86 0.4 9 blue
P 6 73 77 0.5 50 null
P 7 89 57 0.4 40 null
P 8 37 97 0.5 50 null
P 9 87 74 0.8 13 null
F 8 4 5 9 6 7
F 9 40 0 9 5 51
F 10 4 5 9 5 7
F 11 4 5 9 4 7
F 12 4 5 9 3 7
F 13 26 0 9 2 51
F 14 4 5 9 2 7
F 15 4 5 9 1 7
R 104 red
R 33 blue
P 0 3 14 0.4 21 red
P 1 27 23 0.5 50 null
P 2 11 43 0.4 40 null
P 3 63 3 0.5 50 null
P 4 13 26 0.8 80 null
P 5 97 86 0.4 9 blue
P 6 73 77 0.5 50 null
P 7 89 57 0.4 40 null
P 8 37 97 0.5 50 null
P 9 87 74 0.8 9 null
F 9 40 0 9 6 51
F 10 4 5 9 6 7
F 11 4 5 9 5 7
F 12 4 5 9 4 7
F 13 26 0 9 3 51
F 14 4 5 9 3 7
F 15 4 5 9 2 7
F 16 17 0 9 1 51
F 17 4 5 9 1 7
R 108 red
R 33 blue
P 0 3 14 0.4 15 red
P 1 27 23 0.5 50 null
P 2 11 43 0.4 40 null
P 3 63 3 0.5 50 null
P 4 13 26 0.8 80 null
P 5 97 86 0.4 9 blue
P 6 73 77 0.5 50 null
P 7 89 57 0.4 40 null
P 8 37 97 0.5 50 null
P 9 87 74 0.8 5 null
F 9 40 0 9 7 51
F 11 4 5 9 6 7
F 12 4 5 9 5 7
F 13 26 0 9 4 51
F 14 4 5 9 4 7
F 15 4 5 9 3 7
F 16 17 0 9 2 51
F 17 4 5 9 2 7
F 18 10 0 9 1 51
F 19 4 5 9 1 7
R 112 red
R 33 blue
P 0 3 14 0.4 12 red
P 1 27 23 0.5 50 null
P 2 11 43 0.4 40 null
P 3 63 3 0.5 50 null
P 4 13 26 0.8 80 null
P 5 97 86 0.4 9 blue
P 6 73 77 0.5 50 null
P 7 89 57 0.4 40 null
P 8 37 97 0.5 50 null
P 9 87 74 0.8 1 null
F 9 40 0 9 8 51
F 12 4 5 9 6 7
F 13 26 0 9 5 51
F 14 4 5 9 5 7
F 15 4 5 9 4 7
F 16 17 0 9 3 51
F 17 4 5 9 3 7
F 18 10 0 9 2 51
F 19 4 5 9 2 7
F 20 7 0 9 1 51
F 21 4 5 9 1 7
R 116 red
R 36 blue
P 0 3 14 0.4 10 red
P 1 27 23 0.5 50 null
P 2 11 43 0.4 40 null
P 3 63 3 0.5 50 null
P 4 13 26 0.8 80 null
P 5 97 86 0.4 9 blue
P 6 73 77 0.5 50 null
P 7 89 57 0.4 40 null
P 8 37 97 0.5 50 null
P 9 87 74 0.8 3 blue
F 9 40 0 9 9 51
F 13 26 0 9 6 51
F 14 4 5 9 6 7
F 15 4 5 9 5 7
F 16 17 0 9 4 51
F 17 4 5 9 4 7
F 18 10 0 9 3 51
F 19 4 5 9 3 7
F 20 7 0 9 2 51
F 21 4 5 9 2 7
F 22 6 0 9 1 51
F 23 4 5 9 1 7
R 120 red
R 48 blue
P 0 3 14 0.4 14 red
P 1 27 23 0.5 50 null
P 2 11 43 0.4 40 null
P 3 63 3 0.5 50 null
P 4 13 26 0.8 80 null
P 5 97 86 0.4 13 blue
P 6 73 77 0.5 50 null
P 7 89 57 0.4 40 null
P 8 37 97 0.5 50 null
P 9 87 74 0.8 14 blue
F 9 40 0 9 10 51
F 13 26 0 9 7 51
F 15 4 5 9 6 7
F 16 17 0 9 5 51
F 17 4 5 9 5 7
F 18 10 0 9 4 51
F 19 4 5 9 4 7
F 20 7 0 9 3 51
F 21 4 5 9 3 7
F 22 6 0 9 2 51
F 23 4 5 9 2 7
F 24 1 9 6 1 7
R 124 red
R 60 blue
P 0 3 14 0.4 18 red
P 1 27 23 0.5 50 null
P 2 11 43 0.4 40 null
P 3 63 3 0.5 50 null
P 4 13 26 0.8 80 null
P 5 97 86 0.4 11 blue
P 6 73 77 0.5 50 null
P 7 89 57 0.4 40 null
P 8 37 97 0.5 50 null
P 9 87 74 0.8 26 blue
F 9 40 0 9 11 51
F 13 26 0 9 8 51
F 16 17 0 9 6 51
F 17 4 5 9 6 7
F 18 10 0 9 5 51
F 19 4 5 9 5 7
F 20 7 0 9 4 51
F 21 4 5 9 4 7
F 22 6 0 9 3 51
F 23 4 5 9 3 7
F 24 1 9 6 2 7
F 25 6 5 6 1 12
R 128 red
R 72 blue
P 0 3 14 0.4 22 red
P 1 27 23 0.5 50 null
P 2 11 43 0.4 40 null
P 3 63 3 0.5 50 null
P 4 13 26 0.8 80 null
P 5 97 86 0.4 15 blue
P 6 73 77 0.5 50 null
P 7 89 57 0.4 40 null
P 8 37 97 0.5 50 null
P 9 87 74 0.8 25 blue
F 9 40 0 9 12 51
F 13 26 0 9 9 51
F 16 17 0 9 7 51
F 18 10 0 9 6 51
F 19 4 5 9 6 7
F 20 7 0 9 5 51
F 21 4 5 9 5 7
F 22 6 0 9 4 51
F 23 4 5 9 4 7
F 24 1 9 6 3 7
F 25 6 5 6 2 12
F 26 13 9 6 1 7
R 132 red
R 84 blue
P 0 3 14 0.4 26 red
P 1 27 23 0.5 50 null
P 2 11 43 0.4 40 null
P 3 63 3 0.5 50 null
P 4 13 26 0.8 80 null
P 5 97 86 0.4 12 blue
P 6 73 77 0.5 50 null
P 7 89 57 0.4 40 null
P 8 37 97 0.5 50 null
P 9 87 74 0.8 37 blue
F 9 40 0 9 13 51
F 13 26 0 9 10 51
F 16 17 0 9 8 51
F 18 10 0 9 7 51
F 20 7 0 9 6 51
F 21 4 5 9 6 7
F 22 6 0 9 5 51
F 23 4 5 9 5 7
F 24 1 9 6 4 7
F 25 6 5 6 3 12
F 26 13 9 6 2 7
F 27 7 5 6 1 12
R 136 red
R 96 blue
P 0 3 14 0.4 30 red
P 1 27 23 0.5 50 null
P 2 11 43 0.4 40 null
P 3 63 3 0.5 50 null
P 4 13 26 0.8 80 null
P 5 97 86 0.4 16 blue
P 6 73 77 0.5 50 null
P 7 89 57 0.4 40 null
P 8 37 97 0.5 50 null
P 9 87 74 0.8 31 blue
F 9 40 0 9 14 51
F 13 26 0 9 11 51
F 16 17 0 9 9 51
F 18 10 0 9 8 51
F 20 7 0 9 7 51
F 22 6 0 9 6 51
F 23 4 5 9 6 7
F 24 1 9 6 5 7
F 25 6 5 6 4 12
F 26 13 9 6 3 7
F 27 7 5 6 2 12
F 28 18 9 6 1 7
R 140 red
R 108 blue
P 0 3 14 0.4 34 red
P 1 27 23 0.5 50 null
P 2 11 43 0.4 40 null
P 3 63 3 0.5 50 null
P 4 13 26 0.8 80 null
P 5 97 86 0.4 12 blue
P 6 73 77 0.5 50 null
P 7 89 57 0.4 40 null
P 8 37 97 0.5 50 null
P 9 87 74 0.8 43 blue
F 9 40 0 9 15 51
F 13 26 0 9 12 51
F 16 17 0 9 10 51
F 18 10 0 9 9 51
F 20 7 0 9 8 51
F 22 6 0 9 7 51
F 24 1 9 6 6 7
F 25 6 5 6 5 12
F 26 13 9 6 4 7
F 27 7 5 6 3 12
F 28 18 9 6 2 7
F 29 8 5 6 1 12
R 144 red
R 119 blue
P 0 3 14 0.4 38 red
P 1 27 23 0.5 50 null
P 2 11 43 0.4 40 null
P 3 63 3 0.5 50 null
P 4 13 26 0.8 80 null
P 5 97 86 0.4 16 blue
P 6 73 77 0.5 49 null
P 7 89 57 0.4 40 null
P 8 37 97 0.5 50 null
P 9 87 74 0.8 30 blue
F 9 40 0 9 16 51
F 13 26 0 9 13 51
F 16 17 0 9 11 51
F 18 10 0 9 10 51
F 20 7 0 9 9 51
F 22 6 0 9 8 51
F 25 6 5 6 6 12
F 26 13 9 6 5 7
F 27 7 5 6 4 12
F 28 18 9 6 3 7
F 29 8 5 6 2 12
F 30 21 9 6 1 7
R 148 red
R 131 blue
P 0 3 14 0.4 42 red
P 1 27 23 0.5 50 null
P 2 11 43 0.4 40 null
P 3 63 3 0.5 50 null
P 4 13 26 0.8 80 null
P 5 97 86 0.4 12 blue
P 6 73 77 0.5 49 null
P 7 89 57 0.4 40 null
P 8 37 97 0.5 50 null
P 9 87 74 0.8 38 blue
F 9 40 0 9 17 51
F 13 26 0 9 14 51
F 16 17 0 9 12 51
F 18 10 0 9 11 51
F 20 7 0 9 10 51
F 22 6 0 9 9 51
F 25 6 5 6 7 12
F 26 13 9 6 6 7
F 27 7 5 6 5 12
F 28 18 9 6 4 7
F 29 8 5 6 3 12
F 30 21 9 6 2 7
F 31 8 5 6 1 12
R 152 red
R 130 blue
P 0 3 14 0.4 46 red
P 1 27 23 0.5 50 null
P 2 11 43 0.4 40 null
P 3 63 3 0.5 50 null
P 4 13 26 0.8 80 null
P 5 97 86 0.4 16 blue
P 6 73 77 0.5 36 null
P 7 89 57 0.4 40 null
P 8 37 97 0.5 50 null
P 9 87 74 0.8 27 blue
F 9 40 0 9 18 51
F 13 26 0 9 15 51
F 16 17 0 9 13 51
F 18 10 0 9 12 51
F 20 7 0 9 11 51
F 22 6 0 9 10 51
F 25 6 5 6 8 12
F 27 7 5 6 6 12
F 28 18 9 6 5 7
F 29 8 5 6 4 12
F 30 21 9 6 3 7
F 31 8 5 6 2 12
F 32 19 9 6 1 7
R 156 red
R 142 blue
P 0 3 14 0.4 50 red
P 1 27 23 0.5 50 null
P 2 11 43 0.4 40 null
P 3 63 3 0.5 50 null
P 4 13 26 0.8 80 null
P 5 97 86 0.4 12 blue
P 6 73 77 0.5 36 null
P 7 89 57 0.4 40 null
P 8 37 97 0.5 50 null
P 9 87 74 0.8 35 blue
F 9 40 0 9 19 51
F 13 26 0 9 16 51
F 16 17 0 9 14 51
F 18 10 0 9 13 51
F 20 7 0 9 12 51
F 22 6 0 9 11 51
F 25 6 5 6 9 12
F 27 7 5 6 7 12
F 28 18 9 6 6 7
F 29 8 5 6 5 12
F 30 21 9 6 4 7
F 31 8 5 6 3 12
F 32 19 9 6 2 7
F 33 8 5 6 1 12
R 160 red
R 136 blue
P 0 3 14 0.4 54 red
P 1 27 23 0.5 50 null
P 2 11 43 0.4 40 null
P 3 63 3 0.5 50 null
P 4 13 26 0.8 80 null
P 5 97 86 0.4 16 blue
P 6 73 77 0.5 18 null
P 7 89 57 0.4 40 null
P 8 37 97 0.5 50 null
P 9 87 74 0.8 26 blue
F 9 40 0 9 20 51
F 13 26 0 9 17 51
F 16 17 0 9 15 51
F 18 10 0 9 14 51
F 20 7 0 9 13 51
F 22 6 0 9 12 51
F 25 6 5 6 10 12
F 27 7 5 6 8 12
F 29 8 5 6 6 12
F 30 21 9 6 5 7
F 31 8 5 6 4 12
F 32 19 9 6 3 7
F 33 8 5 6 2 12
F 34 17 9 6 1 7
R 164 red
R 148 blue
P 0 3 14 0.4 31 red
P 1 27 23 0.5 50 null
P 2 11 43 0.4 40 null
P 3 63 3 0.5 50 null
P 4 13 26 0.8 80 null
P 5 97 86 0.4 12 blue
P 6 73 77 0.5 18 null
P 7 89 57 0.4 40 null
P 8 37 97 0.5 50 null
P 9 87 74 0.8 34 blue
F 9 40 0 9 21 51
F 13 26 0 9 18 51
F 16 17 0 9 16 51
F 18 10 0 9 15 51
F 20 7 0 9 14 51
F 22 6 0 9 13 51
F 25 6 5 6 11 12
F 27 7 5 6 9 12
F 29 8 5 6 7 12
F 30 21 9 6 6 7
F 31 8 5 6 5 12
F 32 19 9 6 4 7
F 33 8 5 6 3 12
F 34 17 9 6 2 7
F 35 27 0 6 1 47
F 36 8 5 6 1 12
R 168 red
R 142 blue
P 0 3 14 0.4 35 red
P 1 27 23 0.5 50 null
P 2 11 43 0.4 40 null
P 3 63 3 0.5 50 null
P 4 13 26 0.8 80 null
P 5 97 86 0.4 16 blue
P 6 73 77 0.5 9 blue
P 7 89 57 0.4 40 null
P 8 37 97 0.5 50 null
P 9 87 74 0.8 25 blue
F 9 40 0 9 22 51
F 13 26 0 9 19 51
F 16 17 0 9 17 51
F 18 10 0 9 16 51
F 20 7 0 9 15 51
F 22 6 0 9 14 51
F 27 7 5 6 10 12
F 29 8 5 6 8 12
F 31 8 5 6 6 12
F 32 19 9 6 5 7
F 33 8 5 6 4 12
F 34 17 9 6 3 7
F 35 27 0 6 2 47
F 36 8 5 6 2 12
F 37 17 9 6 1 7
R 172 red
R 159 blue
P 0 3 14 0.4 39 red
P 1 27 23 0.5 50 null
P 2 11 43 0.4 40 null
P 3 63 3 0.5 50 null
P 4 13 26 0.8 80 null
P 5 97 86 0.4 20 blue
P 6 73 77 0.5 10 blue
P 7 89 57 0.4 40 null
P 8 37 97 0.5 50 null
P 9 87 74 0.8 33 blue
F 9 40 0 9 23 51
F 13 26 0 9 20 51
F 16 17 0 9 18 51
F 18 10 0 9 17 51
F 20 7 0 9 16 51
F 22 6 0 9 15 51
F 27 7 5 6 11 12
F 29 8 5 6 9 12
F 31 8 5 6 7 12
F 32 19 9 6 6 7
F 33 8 5 6 5 12
F 34 17 9 6 4 7
F 35 27 0 6 3 47
F 36 8 5 6 3 12
F 37 17 9 6 2 7
F 38 4 6 7 1 12
R 176 red
R 176 blue
P 0 3 14 0.4 43 red
P 1 27 23 0.5 50 null
P 2 11 43 0.4 40 null
P 3 63 3 0.5 50 null
P 4 13 26 0.8 80 null
P 5 97 86 0.4 24 blue
P 6 73 77 0.5 41 blue
P 7 89 57 0.4 40 null
P 8 37 97 0.5 50 null
P 9 87 74 0.8 25 blue
F 9 40 0 9 24 51
F 13 26 0 9 21 51
F 16 17 0 9 19 51
F 18 10 0 9 18 51
F 20 7 0 9 17 51
F 22 6 0 9 16 51
F 29 8 5 6 10 12
F 31 8 5 6 8 12
F 33 8 5 6 6 12
F 34 17 9 6 5 7
F 35 27 0 6 4 47
F 36 8 5 6 4 12
F 37 17 9 6 3 7
F 38 4 6 7 2 12
F 39 16 9 7 1 8
R 180 red
R 193 blue
P 0 3 14 0.4 47 red
P 1 27 23 0.5 50 null
P 2 11 43 0.4 40 null
P 3 63 3 0.5 50 null
P 4 13 26 0.8 80 null
P 5 97 86 0.4 28 blue
P 6 73 77 0.5 26 blue
P 7 89 57 0.4 40 null
P 8 37 97 0.5 50 null
P 9 87 74 0.8 33 blue
F 9 40 0 9 25 51
F 13 26 0 9 22 51
F 16 17 0 9 20 51
F 18 10 0 9 19 51
F 20 7 0 9 18 51
F 22 6 0 9 17 51
F 29 8 5 6 11 12
F 31 8 5 6 9 12
F 33 8 5 6 7 12
F 34 17 9 6 6 7
F 35 27 0 6 5 47
F 36 8 5 6 5 12
F 37 17 9 6 4 7
F 38 4 6 7 3 12
F 39 16 9 7 2 8
F 40 20 6 7 1 12
R 184 red
R 210 blue
P 0 3 14 0.4 51 red
P 1 27 23 0.5 50 null
P 2 11 43 0.4 40 null
P 3 63 3 0.5 50 null
P 4 13 26 0.8 80 null
P 5 97 86 0.4 32 blue
P 6 73 77 0.5 56 blue
P 7 89 57 0.4 40 null
P 8 37 97 0.5 50 null
P 9 87 74 0.8 25 blue
F 9 40 0 9 26 51
F 13 26 0 9 23 51
F 16 17 0 9 21 51
F 18 10 0 9 20 51
F 20 7 0 9 19 51
F 22 6 0 9 18 51
F 31 8 5 6 10 12
F 33 8 5 6 8 12
F 35 27 0 6 6 47
F 36 8 5 6 6 12
F 37 17 9 6 5 7
F 38 4 6 7 4 12
F 39 16 9 7 3 8
F 40 20 6 7 2 12
F 41 16 9 7 1 8
R 188 red
R 227 blue
P 0 3 14 0.4 55 red
P 1 27 23 0.5 50 null
P 2 11 43 0.4 40 null
P 3 63 3 0.5 50 null
P 4 13 26 0.8 80 null
P 5 97 86 0.4 36 blue
P 6 73 77 0.5 33 blue
P 7 89 57 0.4 40 null
P 8 37 97 0.5 50 null
P 9 87 74 0.8 33 blue
F 9 40 0 9 27 51
F 13 26 0 9 24 51
F 16 17 0 9 22 51
F 18 10 0 9 21 51
F 20 7 0 9 20 51
F 22 6 0 9 19 51
F 31 8 5 6 11 12
F 33 8 5 6 9 12
F 35 27 0 6 7 47
F 36 8 5 6 7 12
F 37 17 9 6 6 7
F 38 4 6 7 5 12
F 39 16 9 7 4 8
F 40 20 6 7 3 12
F 41 16 9 7 2 8
F 42 28 6 7 1 12
R 192 red
R 244 blue
P 0 3 14 0.4 59 red
P 1 27 23 0.5 50 null
P 2 11 43 0.4 40 null
P 3 63 3 0.5 50 null
P 4 13 26 0.8 80 null
P 5 97 86 0.4 22 blue
P 6 73 77 0.5 63 blue
P 7 89 57 0.4 40 null
P 8 37 97 0.5 50 null
P 9 87 74 0.8 41 blue
F 9 40 0 9 28 51
F 13 26 0 9 25 51
F 16 17 0 9 23 51
F 18 10 0 9 22 51
F 20 7 0 9 21 51
F 22 6 0 9 20 51
F 33 8 5 6 10 12
F 35 27 0 6 8 47
F 36 8 5 6 8 12
F 38 4 6 7 6 12
F 39 16 9 7 5 8
F 40 20 6 7 4 12
F 41 16 9 7 3 8
F 42 28 6 7 2 12
F 43 18 5 7 1 15
R 196 red
R 261 blue
P 0 3 14 0.4 63 red
P 1 27 23 0.5 50 null
P 2 11 43 0.4 40 null
P 3 63 3 0.5 50 null
P 4 13 26 0.8 80 null
P 5 97 86 0.4 26 blue
P 6 73 77 0.5 37 blue
P 7 89 57 0.4 40 null
P 8 37 97 0.5 50 null
P 9 87 74 0.8 49 blue
F 9 40 0 9 29 51
F 13 26 0 9 26 51
F 16 17 0 9 24 51
F 18 10 0 9 23 51
F 20 7 0 9 22 51
F 22 6 0 9 21 51
F 33 8 5 6 11 12
F 35 27 0 6 9 47
F 36 8 5 6 9 12
F 38 4 6 7 7 12
F 39 16 9 7 6 8
F 40 20 6 7 5 12
F 41 16 9 7 4 8
F 42 28 6 7 3 12
F 43 18 5 7 2 15
F 44 31 6 7 1 12
R 200 red
R 278 blue
P 0 3 14 0.4 67 red
P 1 27 23 0.5 50 null
P 2 11 43 0.4 40 null
P 3 63 3 0.5 50 null
P 4 13 26 0.8 80 null
P 5 97 86 0.4 30 blue
P 6 73 77 0.5 50 blue
P 7 89 57 0.4 40 null
P 8 37 97 0.5 50 null
P 9 87 74 0.8 33 blue
F 9 40 0 9 30 51
F 13 26 0 9 27 51
F 16 17 0 9 25 51
F 18 10 0 9 24 51
F 20 7 0 9 23 51
F 22 6 0 9 22 51
F 35 27 0 6 10 47
F 36 8 5 6 10 12
F 38 4 6 7 8 12
F 39 16 9 7 7 8
F 40 20 6 7 6 12
F 41 16 9 7 5 8
F 42 28 6 7 4 12
F 43 18 5 7 3 15
F 44 31 6 7 2 12
F 45 24 9 7 1 8
R 204 red
R 279 blue
P 0 3 14 0.4 71 red
P 1 27 23 0.5 50 null
P 2 11 43 0.4 40 null
P 3 63 3 0.5 50 null
P 4 13 26 0.8 80 null
P 5 97 86 0.4 34 blue
P 6 73 77 0.5 30 blue
P 7 89 57 0.4 24 null
P 8 37 97 0.5 50 null
P 9 87 74 0.8 41 blue
F 9 40 0 9 31 51
F 13 26 0 9 28 51
F 16 17 0 9 26 51
F 18 10 0 9 25 51
F 20 7 0 9 24 51
F 22 6 0 9 23 51
F 35 27 0 6 11 47
F 36 8 5 6 11 12
F 38 4 6 7 9 12
F 40 20 6 7 7 12
F 41 16 9 7 6 8
F 42 28 6 7 5 12
F 43 18 5 7 4 15
F 44 31 6 7 3 12
F 45 24 9 7 2 8
F 46 25 6 7 1 12
R 208 red
R 296 blue
P 0 3 14 0.4 40 red
P 1 27 23 0.5 50 null
P 2 11 43 0.4 40 null
P 3 63 3 0.5 50 null
P 4 13 26 0.8 80 null
P 5 97 86 0.4 38 blue
P 6 73 77 0.5 43 blue
P 7 89 57 0.4 24 null
P 8 37 97 0.5 50 null
P 9 87 74 0.8 29 blue
F 9 40 0 9 32 51
F 13 26 0 9 29 51
F 16 17 0 9 27 51
F 18 10 0 9 26 51
F 20 7 0 9 25 51
F 22 6 0 9 24 51
F 35 27 0 6 12 47
F 38 4 6 7 10 12
F 40 20 6 7 8 12
F 41 16 9 7 7 8
F 42 28 6 7 6 12
F 43 18 5 7 5 15
F 44 31 6 7 4 12
F 45 24 9 7 3 8
F 46 25 6 7 2 12
F 47 35 0 7 1 48
F 48 20 9 7 1 8
R 212 red
R 297 blue
P 0 3 14 0.4 44 red
P 1 27 23 0.5 50 null
P 2 11 43 0.4 40 null
P 3 63 3 0.5 50 null
P 4 13 26 0.8 80 null
P 5 97 86 0.4 42 blue
P 6 73 77 0.5 27 blue
P 7 89 57 0.4 8 null
P 8 37 97 0.5 50 null
P 9 87 74 0.8 37 blue
F 9 40 0 9 33 51
F 13 26 0 9 30 51
F 16 17 0 9 28 51
F 18 10 0 9 27 51
F 20 7 0 9 26 51
F 22 6 0 9 25 51
F 35 27 0 6 13 47
F 38 4 6 7 11 12
F 40 20 6 7 9 12
F 42 28 6 7 7 12
F 43 18 5 7 6 15
F 44 31 6 7 5 12
F 45 24 9 7 4 8
F 46 25 6 7 3 12
F 47 35 0 7 2 48
F 48 20 9 7 2 8
F 49 21 6 7 1 12
R 216 red
R 310 blue
P 0 3 14 0.4 26 red
P 1 27 23 0.5 50 null
P 2 11 43 0.4 40 null
P 3 63 3 0.5 50 null
P 4 13 26 0.8 80 null
P 5 97 86 0.4 25 blue
P 6 73 77 0.5 32 blue
P 7 89 57 0.4 4 null
P 8 37 97 0.5 50 null
P 9 87 74 0.8 45 blue
F 9 40 0 9 34 51
F 13 26 0 9 31 51
F 16 17 0 9 29 51
F 18 10 0 9 28 51
F 20 7 0 9 27 51
F 22 6 0 9 26 51
F 35 27 0 6 14 47
F 40 20 6 7 10 12
F 42 28 6 7 8 12
F 43 18 5 7 7 15
F 44 31 6 7 6 12
F 45 24 9 7 5 8
F 46 25 6 7 4 12
F 47 35 0 7 3 48
F 48 20 9 7 3 8
F 49 21 6 7 2 12
F 50 22 0 7 1 48
F 51 21 5 7 1 15
R 220 red
R 327 blue
P 0 3 14 0.4 17 red
P 1 27 23 0.5 50 null
P 2 11 43 0.4 40 null
P 3 63 3 0.5 50 null
P 4 13 26 0.8 80 null
P 5 97 86 0.4 29 blue
P 6 73 77 0.5 37 blue
P 7 89 57 0.4 4 null
P 8 37 97 0.5 50 null
P 9 87 74 0.8 31 blue
F 9 40 0 9 35 51
F 13 26 0 9 32 51
F 16 17 0 9 30 51
F 18 10 0 9 29 51
F 20 7 0 9 28 51
F 22 6 0 9 27 51
F 35 27 0 6 15 47
F 40 20 6 7 11 12
F 42 28 6 7 9 12
F 43 18 5 7 8 15
F 44 31 6 7 7 12
F 45 24 9 7 6 8
F 46 25 6 7 5 12
F 47 35 0 7 4 48
F 48 20 9 7 4 8
F 49 21 6 7 3 12
F 50 22 0 7 2 48
F 51 21 5 7 2 15
F 52 13 0 7 1 48
F 53 22 9 7 1 8
R 224 red
R 340 blue
P 0 3 14 0.4 13 red
P 1 27 23 0.5 50 null
P 2 11 43 0.4 40 null
P 3 63 3 0.5 50 null
P 4 13 26 0.8 80 null
P 5 97 86 0.4 33 blue
P 6 73 77 0.5 24 blue
P 7 89 57 0.4 16 blue
P 8 37 97 0.5 50 null
P 9 87 74 0.8 39 blue
F 9 40 0 9 36 51
F 13 26 0 9 33 51
F 16 17 0 9 31 51
F 18 10 0 9 30 51
F 20 7 0 9 29 51
F 22 6 0 9 28 51
F 35 27 0 6 16 47
F 42 28 6 7 10 12
F 43 18 5 7 9 15
F 44 31 6 7 8 12
F 45 24 9 7 7 8
F 46 25 6 7 6 12
F 47 35 0 7 5 48
F 48 20 9 7 5 8
F 49 21 6 7 4 12
F 50 22 0 7 3 48
F 51 21 5 7 3 15
F 52 13 0 7 2 48
F 53 22 9 7 2 8
F 54 8 0 7 1 48
F 55 18 6 7 1 12
R 228 red
R 361 blue
P 0 3 14 0.4 17 red
P 1 27 23 0.5 50 null
P 2 11 43 0.4 40 null
P 3 63 3 0.5 50 null
P 4 13 26 0.8 80 null
P 5 97 86 0.4 37 blue
P 6 73 77 0.5 29 blue
P 7 89 57 0.4 36 blue
P 8 37 97 0.5 50 null
P 9 87 74 0.8 47 blue
F 9 40 0 9 37 51
F 13 26 0 9 34 51
F 16 17 0 9 32 51
F 18 10 0 9 31 51
F 20 7 0 9 30 51
F 22 6 0 9 29 51
F 35 27 0 6 17 47
F 42 28 6 7 11 12
F 43 18 5 7 10 15
F 44 31 6 7 9 12
F 46 25 6 7 7 12
F 47 35 0 7 6 48
F 48 20 9 7 6 8
F 49 21 6 7 5 12
F 50 22 0 7 4 48
F 51 21 5 7 4 15
F 52 13 0 7 3 48
F 53 22 9 7 3 8
F 54 8 0 7 2 48
F 55 18 6 7 2 12
F 56 8 7 3 1 29
R 232 red
R 382 blue
P 0 3 14 0.4 21 red
P 1 27 23 0.5 50 null
P 2 11 43 0.4 40 null
P 3 63 3 0.5 50 null
P 4 13 26 0.8 80 null
P 5 97 86 0.4 41 blue
P 6 73 77 0.5 34 blue
P 7 89 57 0.4 68 blue
P 8 37 97 0.5 50 null
P 9 87 74 0.8 32 blue
F 9 40 0 9 38 51
F 13 26 0 9 35 51
F 16 17 0 9 33 51
F 18 10 0 9 32 51
F 20 7 0 9 31 51
F 22 6 0 9 30 51
F 35 27 0 6 18 47
F 43 18 5 7 11 15
F 44 31 6 7 10 12
F 46 25 6 7 8 12
F 47 35 0 7 7 48
F 48 20 9 7 7 8
F 49 21 6 7 6 12
F 50 22 0 7 5 48
F 51 21 5 7 5 15
F 52 13 0 7 4 48
F 53 22 9 7 4 8
F 54 8 0 7 3 48
F 55 18 6 7 3 12
F 56 8 7 3 2 29
F 57 23 9 8 1 27
R 236 red
R 403 blue
P 0 3 14 0.4 25 red
P 1 27 23 0.5 50 null
P 2 11 43 0.4 40 null
P 3 63 3 0.5 50 null
P 4 13 26 0.8 80 null
P 5 97 86 0.4 45 blue
P 6 73 77 0.5 39 blue
P 7 89 57 0.4 58 blue
P 8 37 97 0.5 50 null
P 9 87 74 0.8 40 blue
F 9 40 0 9 39 51
F 13 26 0 9 36 51
F 16 17 0 9 34 51
F 18 10 0 9 33 51
F 20 7 0 9 32 51
F 22 6 0 9 31 51
F 35 27 0 6 19 47
F 43 18 5 7 12 15
F 44 31 6 7 11 12
F 46 25 6 7 9 12
F 47 35 0 7 8 48
F 49 21 6 7 7 12
F 50 22 0 7 6 48
F 51 21 5 7 6 15
F 52 13 0 7 5 48
F 53 22 9 7 5 8
F 54 8 0 7 4 48
F 55 18 6 7 4 12
F 56 8 7 3 3 29
F 57 23 9 8 2 27
F 58 34 7 3 1 29
R 240 red
R 424 blue
P 0 3 14 0.4 29 red
P 1 27 23 0.5 50 null
P 2 11 43 0.4 40 null
P 3 63 3 0.5 50 null
P 4 13 26 0.8 80 null
P 5 97 86 0.4 27 blue
P 6 73 77 0.5 44 blue
P 7 89 57 0.4 93 blue
P 8 37 97 0.5 50 null
P 9 87 74 0.8 48 blue
F 9 40 0 9 40 51
F 13 26 0 9 37 51
F 16 17 0 9 35 51
F 18 10 0 9 34 51
F 20 7 0 9 33 51
F 22 6 0 9 32 51
F 35 27 0 6 20 47
F 43 18 5 7 13 15
F 46 25 6 7 10 12
F 47 35 0 7 9 48
F 49 21 6 7 8 12
F 50 22 0 7 7 48
F 51 21 5 7 7 15
F 52 13 0 7 6 48
F 53 22 9 7 6 8
F 54 8 0 7 5 48
F 55 18 6 7 5 12
F 56 8 7 3 4 29
F 57 23 9 8 3 27
F 58 34 7 3 2 29
F 59 22 5 8 1 30
R 244 red
R 445 blue
P 0 3 14 0.4 33 red
P 1 27 23 0.5 50 null
P 2 11 43 0.4 40 null
P 3 63 3 0.5 50 null
P 4 13 26 0.8 80 null
P 5 97 86 0.4 31 blue
P 6 73 77 0.5 49 blue
P 7 89 57 0.4 51 blue
P 8 37 97 0.5 50 null
P 9 87 74 0.8 56 blue
F 9 40 0 9 41 51
F 13 26 0 9 38 51
F 16 17 0 9 36 51
F 18 10 0 9 35 51
F 20 7 0 9 34 51
F 22 6 0 9 33 51
F 35 27 0 6 21 47
F 43 18 5 7 14 15
F 46 25 6 7 11 12
F 47 35 0 7 10 48
F 49 21 6 7 9 12
F 50 22 0 7 8 48
F 51 21 5 7 8 15
F 52 13 0 7 7 48
F 53 22 9 7 7 8
F 54 8 0 7 6 48
F 55 18 6 7 6 12
F 56 8 7 3 5 29
F 57 23 9 8 4 27
F 58 34 7 3 3 29
F 59 22 5 8 2 30
F 60 46 7 3 1 29
R 248 red
R 466 blue
P 0 3 14 0.4 37 red
P 1 27 23 0.5 50 null
P 2 11 43 0.4 40 null
P 3 63 3 0.5 50 null
P 4 13 26 0.8 80 null
P 5 97 86 0.4 35 blue
P 6 73 77 0.5 54 blue
P 7 89 57 0.4 120 blue
P 8 37 97 0.5 50 null
P 9 87 74 0.8 36 blue
F 9 40 0 9 42 51
F 13 26 0 9 39 51
F 16 17 0 9 37 51
F 18 10 0 9 36 51
F 20 7 0 9 35 51
F 22 6 0 9 34 51
F 35 27 0 6 22 47
F 47 35 0 7 11 48
F 49 21 6 7 10 12
F 50 22 0 7 9 48
F 51 21 5 7 9 15
F 52 13 0 7 8 48
F 54 8 0 7 7 48
F 55 18 6 7 7 12
F 56 8 7 3 6 29
F 57 23 9 8 5 27
F 58 34 7 3 4 29
F 59 22 5 8 3 30
F 60 46 7 3 2 29
F 61 28 9 8 1 27
R 252 red
R 487 blue
P 0 3 14 0.4 41 red
P 1 27 23 0.5 50 null
P 2 11 43 0.4 40 null
P 3 63 3 0.5 50 null
P 4 13 26 0.8 80 null
P 5 97 86 0.4 39 blue
P 6 73 77 0.5 59 blue
P 7 89 57 0.4 64 blue
P 8 37 97 0.5 50 null
P 9 87 74 0.8 44 blue
F 9 40 0 9 43 51
F 13 26 0 9 40 51
F 16 17 0 9 38 51
F 18 10 0 9 37 51
F 20 7 0 9 36 51
F 22 6 0 9 35 51
F 35 27 0 6 23 47
F 47 35 0 7 12 48
F 49 21 6 7 11 12
F 50 22 0 7 10 48
F 51 21 5 7 10 15
F 52 13 0 7 9 48
F 54 8 0 7 8 48
F 55 18 6 7 8 12
F 56 8 7 3 7 29
F 57 23 9 8 6 27
F 58 34 7 3 5 29
F 59 22 5 8 4 30
F 60 46 7 3 3 29
F 61 28 9 8 2 27
F 62 60 7 3 1 29
R 256 red
R 508 blue
P 0 3 14 0.4 45 red
P 1 27 23 0.5 50 null
P 2 11 43 0.4 40 null
P 3 63 3 0.5 50 null
P 4 13 26 0.8 80 null
P 5 97 86 0.4 43 blue
P 6 73 77 0.5 35 blue
P 7 89 57 0.4 89 blue
P 8 37 97 0.5 50 null
P 9 87 74 0.8 52 blue
F 9 40 0 9 44 51
F 13 26 0 9 41 51
F 16 17 0 9 39 51
F 18 10 0 9 38 51
F 20 7 0 9 37 51
F 22 6 0 9 36 51
F 35 27 0 6 24 47
F 47 35 0 7 13 48
F 50 22 0 7 11 48
F 51 21 5 7 11 15
F 52 13 0 7 10 48
F 54 8 0 7 9 48
F 55 18 6 7 9 12
F 56 8 7 3 8 29
F 57 23 9 8 7 27
F 58 34 7 3 6 29
F 59 22 5 8 5 30
F 60 46 7 3 4 29
F 61 28 9 8 3 27
F 62 60 7 3 2 29
F 63 29 6 8 1 20
R 260 red
R 529 blue
P 0 3 14 0.4 49 red
P 1 27 23 0.5 50 null
P 2 11 43 0.4 40 null
P 3 63 3 0.5 50 null
P 4 13 26 0.8 80 null
P 5 97 86 0.4 47 blue
P 6 73 77 0.5 40 blue
P 7 89 57 0.4 49 blue
P 8 37 97 0.5 50 null
P 9 87 74 0.8 60 blue
F 9 40 0 9 45 51
F 13 26 0 9 42 51
F 16 17 0 9 40 51
F 18 10 0 9 39 51
F 20 7 0 9 38 51
F 22 6 0 9 37 51
F 35 27 0 6 25 47
F 47 35 0 7 14 48
F 50 22 0 7 12 48
F 51 21 5 7 12 15
F 52 13 0 7 11 48
F 54 8 0 7 10 48
F 55 18 6 7 10 12
F 56 8 7 3 9 29
F 57 23 9 8 8 27
F 58 34 7 3 7 29
F 59 22 5 8 6 30
F 60 46 7 3 5 29
F 61 28 9 8 4 27
F 62 60 7 3 3 29
F 63 29 6 8 2 20
F 64 44 7 3 1 29
R 264 red
R 550 blue
P 0 3 14 0.4 53 red
P 1 27 23 0.5 50 null
P 2 11 43 0.4 40 null
P 3 63 3 0.5 50 null
P 4 13 26 0.8 80 null
P 5 97 86 0.4 51 blue
P 6 73 77 0.5 45 blue
P 7 89 57 0.4 53 blue
P 8 37 97 0.5 50 null
P 9 87 74 0.8 38 blue
F 9 40 0 9 46 51
F 13 26 0 9 43 51
F 16 17 0 9 41 51
F 18 10 0 9 40 51
F 20 7 0 9 39 51
F 22 6 0 9 38 51
F 35 27 0 6 26 47
F 47 35 0 7 15 48
F 50 22 0 7 13 48
F 51 21 5 7 13 15
F 52 13 0 7 12 48
F 54 8 0 7 11 48
F 55 18 6 7 11 12
F 56 8 7 3 10 29
F 57 23 9 8 9 27
F 58 34 7 3 8 29
F 59 22 5 8 7 30
F 60 46 7 3 6 29
F 61 28 9 8 5 27
F 62 60 7 3 4 29
F 63 29 6 8 3 20
F 64 44 7 3 2 29
F 65 30 9 8 1 27
R 268 red
R 571 blue
P 0 3 14 0.4 57 red
P 1 27 23 0.5 50 null
P 2 11 43 0.4 40 null
P 3 63 3 0.5 50 null
P 4 13 26 0.8 80 null
P 5 97 86 0.4 55 blue
P 6 73 77 0.5 50 blue
P 7 89 57 0.4 49 blue
P 8 37 97 0.5 50 null
P 9 87 74 0.8 46 blue
F 9 40 0 9 47 51
F 13 26 0 9 44 51
F 16 17 0 9 42 51
F 18 10 0 9 41 51
F 20 7 0 9 40 51
F 22 6 0 9 39 51
F 35 27 0 6 27 47
F 47 35 0 7 16 48
F 50 22 0 7 14 48
F 51 21 5 7 14 15
F 52 13 0 7 13 48
F 54 8 0 7 12 48
F 56 8 7 3 11 29
F 57 23 9 8 10 27
F 58 34 7 3 9 29
F 59 22 5 8 8 30
F 60 46 7 3 7 29
F 61 28 9 8 6 27
F 62 60 7 3 5 29
F 63 29 6 8 4 20
F 64 44 7 3 3 29
F 65 30 9 8 2 27
F 66 26 7 3 1 29
R 272 red
R 592 blue
P 0 3 14 0.4 61 red
P 1 27 23 0.5 50 null
P 2 11 43 0.4 40 null
P 3 63 3 0.5 50 null
P 4 13 26 0.8 80 null
P 5 97 86 0.4 32 blue
P 6 73 77 0.5 55 blue
P 7 89 57 0.4 74 blue
P 8 37 97 0.5 50 null
P 9 87 74 0.8 54 blue
F 9 40 0 9 48 51
F 13 26 0 9 45 51
F 16 17 0 9 43 51
F 18 10 0 9 42 51
F 20 7 0 9 41 51
F 22 6 0 9 40 51
F 35 27 0 6 28 47
F 47 35 0 7 17 48
F 50 22 0 7 15 48
F 52 13 0 7 14 48
F 54 8 0 7 13 48
F 56 8 7 3 12 29
F 57 23 9 8 11 27
F 58 34 7 3 10 29
F 59 22 5 8 9 30
F 60 46 7 3 8 29
F 61 28 9 8 7 27
F 62 60 7 3 6 29
F 63 29 6 8 5 20
F 64 44 7 3 4 29
F 65 30 9 8 3 27
F 66 26 7 3 2 29
F 67 27 5 8 1 30
R 276 red
R 613 blue
P 0 3 14 0.4 65 red
P 1 27 23 0.5 50 null
P 2 11 43 0.4 40 null
P 3 63 3 0.5 50 null
P 4 13 26 0.8 80 null
P 5 97 86 0.4 36 blue
P 6 73 77 0.5 60 blue
P 7 89 57 0.4 41 blue
P 8 37 97 0.5 50 null
P 9 87 74 0.8 62 blue
F 9 40 0 9 49 51
F 13 26 0 9 46 51
F 16 17 0 9 44 51
F 18 10 0 9 43 51
F 20 7 0 9 42 51
F 22 6 0 9 41 51
F 35 27 0 6 29 47
F 47 35 0 7 18 48
F 50 22 0 7 16 48
F 52 13 0 7 15 48
F 54 8 0 7 14 48
F 56 8 7 3 13 29
F 57 23 9 8 12 27
F 58 34 7 3 11 29
F 59 22 5 8 10 30
F 60 46 7 3 9 29
F 61 28 9 8 8 27
F 62 60 7 3 7 29
F 63 29 6 8 6 20
F 64 44 7 3 5 29
F 65 30 9 8 4 27
F 66 26 7 3 3 29
F 67 27 5 8 2 30
F 68 37 7 3 1 29
R 280 red
R 634 blue
P 0 3 14 0.4 69 red
P 1 27 23 0.5 50 null
P 2 11 43 0.4 40 null
P 3 63 3 0.5 50 null
P 4 13 26 0.8 80 null
P 5 97 86 0.4 40 blue
P 6 73 77 0.5 65 blue
P 7 89 57 0.4 45 blue
P 8 37 97 0.5 50 null
P 9 87 74 0.8 39 blue
F 9 40 0 9 50 51
F 13 26 0 9 47 51
F 16 17 0 9 45 51
F 18 10 0 9 44 51
F 20 7 0 9 43 51
F 22 6 0 9 42 51
F 35 27 0 6 30 47
F 47 35 0 7 19 48
F 50 22 0 7 17 48
F 52 13 0 7 16 48
F 54 8 0 7 15 48
F 56 8 7 3 14 29
F 57 23 9 8 13 27
F 58 34 7 3 12 29
F 59 22 5 8 11 30
F 60 46 7 3 10 29
F 61 28 9 8 9 27
F 62 60 7 3 8 29
F 63 29 6 8 7 20
F 64 44 7 3 6 29
F 65 30 9 8 5 27
F 66 26 7 3 4 29
F 67 27 5 8 3 30
F 68 37 7 3 2 29
F 69 31 9 8 1 27
R 244 red
R 615 blue
P 0 3 14 0.4 73 red
P 1 27 23 0.5 50 null
P 2 11 43 0.4 40 null
P 3 63 3 0.5 50 null
P 4 13 26 0.8 80 null
P 5 97 86 0.4 44 blue
P 6 73 77 0.5 38 blue
P 7 89 57 0.4 49 blue
P 8 37 97 0.5 50 null
P 9 87 74 0.8 7 blue
F 13 26 0 9 48 51
F 16 17 0 9 46 51
F 18 10 0 9 45 51
F 20 7 0 9 44 51
F 22 6 0 9 43 51
F 35 27 0 6 31 47
F 47 35 0 7 20 48
F 50 22 0 7 18 48
F 52 13 0 7 17 48
F 54 8 0 7 16 48
F 56 8 7 3 15 29
F 57 23 9 8 14 27
F 58 34 7 3 13 29
F 59 22 5 8 12 30
F 60 46 7 3 11 29
F 61 28 9 8 10 27
F 62 60 7 3 9 29
F 63 29 6 8 8 20
F 64 44 7 3 7 29
F 65 30 9 8 6 27
F 66 26 7 3 5 29
F 67 27 5 8 4 30
F 68 37 7 3 3 29
F 69 31 9 8 2 27
F 70 32 6 8 1 20
R 248 red
R 636 blue
P 0 3 14 0.4 77 red
P 1 27 23 0.5 50 null
P 2 11 43 0.4 40 null
P 3 63 3 0.5 50 null
P 4 13 26 0.8 80 null
P 5 97 86 0.4 48 blue
P 6 73 77 0.5 43 blue
P 7 89 57 0.4 29 blue
P 8 37 97 0.5 50 null
P 9 87 74 0.8 15 blue
F 13 26 0 9 49 51
F 16 17 0 9 47 51
F 18 10 0 9 46 51
F 20 7 0 9 45 51
F 22 6 0 9 44 51
F 35 27 0 6 32 47
F 47 35 0 7 21 48
F 50 22 0 7 19 48
F 52 13 0 7 18 48
F 54 8 0 7 17 48
F 56 8 7 3 16 29
F 57 23 9 8 15 27
F 58 34 7 3 14 29
F 59 22 5 8 13 30
F 60 46 7 3 12 29
F 61 28 9 8 11 27
F 62 60 7 3 10 29
F 63 29 6 8 9 20
F 64 44 7 3 8 29
F 65 30 9 8 7 27
F 66 26 7 3 6 29
F 67 27 5 8 5 30
F 68 37 7 3 4 29
F 69 31 9 8 3 27
F 70 32 6 8 2 20
F 71 24 7 3 1 29
R 252 red
R 657 blue
P 0 3 14 0.4 81 red
P 1 27 23 0.5 50 null
P 2 11 43 0.4 40 null
P 3 63 3 0.5 50 null
P 4 13 26 0.8 80 null
P 5 97 86 0.4 28 blue
P 6 73 77 0.5 48 blue
P 7 89 57 0.4 33 blue
P 8 37 97 0.5 50 null
P 9 87 74 0.8 23 blue
F 13 26 0 9 50 51
F 16 17 0 9 48 51
F 18 10 0 9 47 51
F 20 7 0 9 46 51
F 22 6 0 9 45 51
F 35 27 0 6 33 47
F 47 35 0 7 22 48
F 50 22 0 7 20 48
F 52 13 0 7 19 48
F 54 8 0 7 18 48
F 56 8 7 3 17 29
F 57 23 9 8 16 27
F 58 34 7 3 15 29
F 59 22 5 8 14 30
F 60 46 7 3 13 29
F 61 28 9 8 12 27
F 62 60 7 3 11 29
F 63 29 6 8 10 20
F 64 44 7 3 9 29
F 65 30 9 8 8 27
F 66 26 7 3 7 29
F 67 27 5 8 6 30
F 68 37 7 3 5 29
F 69 31 9 8 4 27
F 70 32 6 8 3 20
F 71 24 7 3 2 29
F 72 24 5 8 1 30
R 230 red
R 652 blue
P 0 3 14 0.4 45 red
P 1 27 23 0.5 50 null
P 2 11 43 0.4 40 null
P 3 63 3 0.5 50 null
P 4 13 26 0.8 80 null
P 5 97 86 0.4 32 blue
P 6 73 77 0.5 29 blue
P 7 89 57 0.4 37 blue
P 8 37 97 0.5 50 null
P 9 87 74 0.8 5 blue
F 16 17 0 9 49 51
F 18 10 0 9 48 51
F 20 7 0 9 47 51
F 22 6 0 9 46 51
F 35 27 0 6 34 47
F 47 35 0 7 23 48
F 50 22 0 7 21 48
F 52 13 0 7 20 48
F 54 8 0 7 19 48
F 56 8 7 3 18 29
F 57 23 9 8 17 27
F 58 34 7 3 16 29
F 59 22 5 8 15 30
F 60 46 7 3 14 29
F 61 28 9 8 13 27
F 62 60 7 3 12 29
F 63 29 6 8 11 20
F 64 44 7 3 10 29
F 65 30 9 8 9 27
F 66 26 7 3 8 29
F 67 27 5 8 7 30
F 68 37 7 3 6 29
F 69 31 9 8 5 27
F 70 32 6 8 4 20
F 71 24 7 3 3 29
F 72 24 5 8 2 30
F 73 40 0 2 1 15
F 74 24 6 8 1 20
R 234 red
R 673 blue
P 0 3 14 0.4 49 red
P 1 27 23 0.5 50 null
P 2 11 43 0.4 40 null
P 3 63 3 0.5 50 null
P 4 13 26 0.8 80 null
P 5 97 86 0.4 36 blue
P 6 73 77 0.5 34 blue
P 7 89 57 0.4 23 blue
P 8 37 97 0.5 50 null
P 9 87 74 0.8 13 blue
F 16 17 0 9 50 51
F 18 10 0 9 49 51
F 20 7 0 9 48 51
F 22 6 0 9 47 51
F 35 27 0 6 35 47
F 47 35 0 7 24 48
F 50 22 0 7 22 48
F 52 13 0 7 21 48
F 54 8 0 7 20 48
F 56 8 7 3 19 29
F 57 23 9 8 18 27
F 58 34 7 3 17 29
F 59 22 5 8 16 30
F 60 46 7 3 15 29
F 61 28 9 8 14 27
F 62 60 7 3 13 29
F 63 29 6 8 12 20
F 64 44 7 3 11 29
F 65 30 9 8 10 27
F 66 26 7 3 9 29
F 67 27 5 8 8 30
F 68 37 7 3 7 29
F 69 31 9 8 6 27
F 70 32 6 8 5 20
F 71 24 7 3 4 29
F 72 24 5 8 3 30
F 73 40 0 2 2 15
F 74 24 6 8 2 20
F 75 18 7 3 1 29
R 221 red
R 677 blue
P 0 3 14 0.4 53 red
P 1 27 23 0.5 50 null
P 2 11 43 0.4 40 null
P 3 63 3 0.5 50 null
P 4 13 26 0.8 80 null
P 5 97 86 0.4 22 blue
P 6 73 77 0.5 39 blue
P 7 89 57 0.4 27 blue
P 8 37 97 0.5 50 null
P 9 87 74 0.8 4 blue
F 18 10 0 9 50 51
F 20 7 0 9 49 51
F 22 6 0 9 48 51
F 35 27 0 6 36 47
F 47 35 0 7 25 48
F 50 22 0 7 23 48
F 52 13 0 7 22 48
F 54 8 0 7 21 48
F 56 8 7 3 20 29
F 57 23 9 8 19 27
F 58 34 7 3 18 29
F 59 22 5 8 17 30
F 60 46 7 3 16 29
F 61 28 9 8 15 27
F 62 60 7 3 14 29
F 63 29 6 8 13 20
F 64 44 7 3 12 29
F 65 30 9 8 11 27
F 66 26 7 3 10 29
F 67 27 5 8 9 30
F 68 37 7 3 8 29
F 69 31 9 8 7 27
F 70 32 6 8 6 20
F 71 24 7 3 5 29
F 72 24 5 8 4 30
F 73 40 0 2 3 15
F 74 24 6 8 3 20
F 75 18 7 3 2 29
F 76 18 5 8 1 30
R 215 red
R 688 blue
P 0 3 14 0.4 57 red
P 1 27 23 0.5 50 null
P 2 11 43 0.4 40 null
P 3 63 3 0.5 50 null
P 4 13 26 0.8 80 null
P 5 97 86 0.4 26 blue
P 6 73 77 0.5 25 blue
P 7 89 57 0.4 31 blue
P 8 37 97 0.5 50 null
P 9 87 74 0.8 2 blue
F 20 7 0 9 50 51
F 22 6 0 9 49 51
F 35 27 0 6 37 47
F 47 35 0 7 26 48
F 50 22 0 7 24 48
F 52 13 0 7 23 48
F 54 8 0 7 22 48
F 56 8 7 3 21 29
F 57 23 9 8 20 27
F 58 34 7 3 19 29
F 59 22 5 8 18 30
F 60 46 7 3 17 29
F 61 28 9 8 16 27
F 62 60 7 3 15 29
F 63 29 6 8 14 20
F 64 44 7 3 13 29
F 65 30 9 8 12 27
F 66 26 7 3 11 29
F 67 27 5 8 10 30
F 68 37 7 3 9 29
F 69 31 9 8 8 27
F 70 32 6 8 7 20
F 71 24 7 3 6 29
F 72 24 5 8 5 30
F 73 40 0 2 4 15
F 74 24 6 8 4 20
F 75 18 7 3 3 29
F 76 18 5 8 2 30
F 77 19 6 8 1 20
R 212 red
R 702 blue
P 0 3 14 0.4 61 red
P 1 27 23 0.5 50 null
P 2 11 43 0.4 40 null
P 3 63 3 0.5 50 null
P 4 13 26 0.8 80 null
P 5 97 86 0.4 30 blue
P 6 73 77 0.5 30 blue
P 7 89 57 0.4 20 blue
P 8 37 97 0.5 50 null
P 9 87 74 0.8 3 blue
F 22 6 0 9 50 51
F 35 27 0 6 38 47
F 47 35 0 7 27 48
F 50 22 0 7 25 48
F 52 13 0 7 24 48
F 54 8 0 7 23 48
F 56 8 7 3 22 29
F 57 23 9 8 21 27
F 58 34 7 3 20 29
F 59 22 5 8 19 30
F 60 46 7 3 18 29
F 61 28 9 8 17 27
F 62 60 7 3 16 29
F 63 29 6 8 15 20
F 64 44 7 3 14 29
F 65 30 9 8 13 27
F 66 26 7 3 12 29
F 67 27 5 8 11 30
F 68 37 7 3 10 29
F 69 31 9 8 9 27
F 70 32 6 8 8 20
F 71 24 7 3 7 29
F 72 24 5 8 6 30
F 73 40 0 2 5 15
F 74 24 6 8 5 20
F 75 18 7 3 4 29
F 76 18 5 8 3 30
F 77 19 6 8 2 20
F 78 15 7 3 1 29
R 210 red
R 717 blue
P 0 3 14 0.4 65 red
P 1 27 23 0.5 50 null
P 2 11 43 0.4 40 null
P 3 63 3 0.5 50 null
P 4 13 26 0.8 80 null
P 5 97 86 0.4 19 blue
P 6 73 77 0.5 35 blue
P 7 89 57 0.4 24 blue
P 8 37 97 0.5 50 null
P 9 87 74 0.8 5 blue
F 35 27 0 6 39 47
F 47 35 0 7 28 48
F 50 22 0 7 26 48
F 52 13 0 7 25 48
F 54 8 0 7 24 48
F 56 8 7 3 23 29
F 57 23 9 8 22 27
F 58 34 7 3 21 29
F 59 22 5 8 20 30
F 60 46 7 3 19 29
F 61 28 9 8 18 27
F 62 60 7 3 17 29
F 63 29 6 8 16 20
F 64 44 7 3 15 29
F 65 30 9 8 14 27
F 66 26 7 3 13 29
F 67 27 5 8 12 30
F 68 37 7 3 11 29
F 69 31 9 8 10 27
F 70 32 6 8 9 20
F 71 24 7 3 8 29
F 72 24 5 8 7 30
F 73 40 0 2 6 15
F 74 24 6 8 6 20
F 75 18 7 3 5 29
F 76 18 5 8 4 30
F 77 19 6 8 3 20
F 78 15 7 3 2 29
F 79 15 5 8 1 30
R 214 red
R 738 blue
P 0 3 14 0.4 69 red
P 1 27 23 0.5 50 null
P 2 11 43 0.4 40 null
P 3 63 3 0.5 50 null
P 4 13 26 0.8 80 null
P 5 97 86 0.4 23 blue
P 6 73 77 0.5 23 blue
P 7 89 57 0.4 28 blue
P 8 37 97 0.5 50 null
P 9 87 74 0.8 13 blue
F 35 27 0 6 40 47
F 47 35 0 7 29 48
F 50 22 0 7 27 48
F 52 13 0 7 26 48
F 54 8 0 7 25 48
F 56 8 7 3 24 29
F 57 23 9 8 23 27
F 58 34 7 3 22 29
F 59 22 5 8 21 30
F 60 46 7 3 20 29
F 61 28 9 8 19 27
F 62 60 7 3 18 29
F 63 29 6 8 17 20
F 64 44 7 3 16 29
F 65 30 9 8 15 27
F 66 26 7 3 14 29
F 67 27 5 8 13 30
F 68 37 7 3 12 29
F 69 31 9 8 11 27
F 70 32 6 8 10 20
F 71 24 7 3 9 29
F 72 24 5 8 8 30
F 73 40 0 2 7 15
F 74 24 6 8 7 20
F 75 18 7 3 6 29
F 76 18 5 8 5 30
F 77 19 6 8 4 20
F 78 15 7 3 3 29
F 79 15 5 8 2 30
F 80 17 6 8 1 20
R 218 red
R 759 blue
P 0 3 14 0.4 73 red
P 1 27 23 0.5 50 null
P 2 11 43 0.4 40 null
P 3 63 3 0.5 50 null
P 4 13 26 0.8 80 null
P 5 97 86 0.4 27 blue
P 6 73 77 0.5 28 blue
P 7 89 57 0.4 18 blue
P 8 37 97 0.5 50 null
P 9 87 74 0.8 21 blue
F 35 27 0 6 41 47
F 47 35 0 7 30 48
F 50 22 0 7 28 48
F 52 13 0 7 27 48
F 54 8 0 7 26 48
F 56 8 7 3 25 29
F 57 23 9 8 24 27
F 58 34 7 3 23 29
F 59 22 5 8 22 30
F 60 46 7 3 21 29
F 61 28 9 8 20 27
F 62 60 7 3 19 29
F 63 29 6 8 18 20
F 64 44 7 3 17 29
F 65 30 9 8 16 27
F 66 26 7 3 15 29
F 67 27 5 8 14 30
F 68 37 7 3 13 29
F 69 31 9 8 12 27
F 70 32 6 8 11 20
F 71 24 7 3 10 29
F 72 24 5 8 9 30
F 73 40 0 2 8 15
F 74 24 6 8 8 20
F 75 18 7 3 7 29
F 76 18 5 8 6 30
F 77 19 6 8 5 20
F 78 15 7 3 4 29
F 79 15 5 8 3 30
F 80 17 6 8 2 20
F 81 14 7 3 1 29
R 222 red
R 780 blue
P 0 3 14 0.4 77 red
P 1 27 23 0.5 50 null
P 2 11 43 0.4 40 null
P 3 63 3 0.5 50 null
P 4 13 26 0.8 80 null
P 5 97 86 0.4 31 blue
P 6 73 77 0.5 19 blue
P 7 89 57 0.4 22 blue
P 8 37 97 0.5 50 null
P 9 87 74 0.8 29 blue
F 35 27 0 6 42 47
F 47 35 0 7 31 48
F 50 22 0 7 29 48
F 52 13 0 7 28 48
F 54 8 0 7 27 48
F 56 8 7 3 26 29
F 57 23 9 8 25 27
F 58 34 7 3 24 29
F 59 22 5 8 23 30
F 60 46 7 3 22 29
F 61 28 9 8 21 27
F 62 60 7 3 20 29
F 63 29 6 8 19 20
F 64 44 7 3 18 29
F 65 30 9 8 17 27
F 66 26 7 3 16 29
F 67 27 5 8 15 30
F 68 37 7 3 14 29
F 69 31 9 8 13 27
F 70 32 6 8 12 20
F 71 24 7 3 11 29
F 72 24 5 8 10 30
F 73 40 0 2 9 15
F 74 24 6 8 9 20
F 75 18 7 3 8 29
F 76 18 5 8 7 30
F 77 19 6 8 6 20
F 78 15 7 3 5 29
F 79 15 5 8 4 30
F 80 17 6 8 3 20
F 81 14 7 3 2 29
F 82 14 6 8 1 20
R 226 red
R 772 blue
P 0 3 14 0.4 81 red
P 1 27 23 0.5 50 null
P 2 11 43 0.4 40 null
P 3 63 3 0.5 50 null
P 4 13 26 0.8 80 null
P 5 97 86 0.4 20 blue
P 6 73 77 0.5 24 blue
P 7 89 57 0.4 26 blue
P 8 37 97 0.5 21 null
P 9 87 74 0.8 37 blue
F 35 27 0 6 43 47
F 47 35 0 7 32 48
F 50 22 0 7 30 48
F 52 13 0 7 29 48
F 54 8 0 7 28 48
F 56 8 7 3 27 29
F 57 23 9 8 26 27
F 58 34 7 3 25 29
F 59 22 5 8 24 30
F 60 46 7 3 23 29
F 61 28 9 8 22 27
F 62 60 7 3 21 29
F 64 44 7 3 19 29
F 65 30 9 8 18 27
F 66 26 7 3 17 29
F 67 27 5 8 16 30
F 68 37 7 3 15 29
F 69 31 9 8 14 27
F 70 32 6 8 13 20
F 71 24 7 3 12 29
F 72 24 5 8 11 30
F 73 40 0 2 10 15
F 74 24 6 8 10 20
F 75 18 7 3 9 29
F 76 18 5 8 8 30
F 77 19 6 8 7 20
F 78 15 7 3 6 29
F 79 15 5 8 5 30
F 80 17 6 8 4 20
F 81 14 7 3 3 29
F 82 14 6 8 2 20
F 83 15 5 8 1 30
R 230 red
R 772 blue
P 0 3 14 0.4 45 red
P 1 27 23 0.5 50 null
P 2 11 43 0.4 40 null
P 3 63 3 0.5 50 null
P 4 13 26 0.8 80 null
P 5 97 86 0.4 24 blue
P 6 73 77 0.5 29 blue
P 7 89 57 0.4 30 blue
P 8 37 97 0.5 2 blue
P 9 87 74 0.8 27 blue
F 35 27 0 6 44 47
F 47 35 0 7 33 48
F 50 22 0 7 31 48
F 52 13 0 7 30 48
F 54 8 0 7 29 48
F 56 8 7 3 28 29
F 58 34 7 3 26 29
F 59 22 5 8 25 30
F 60 46 7 3 24 29
F 61 28 9 8 23 27
F 62 60 7 3 22 29
F 64 44 7 3 20 29
F 65 30 9 8 19 27
F 66 26 7 3 18 29
F 67 27 5 8 17 30
F 68 37 7 3 16 29
F 69 31 9 8 15 27
F 70 32 6 8 14 20
F 71 24 7 3 13 29
F 72 24 5 8 12 30
F 73 40 0 2 11 15
F 74 24 6 8 11 20
F 75 18 7 3 10 29
F 76 18 5 8 9 30
F 77 19 6 8 8 20
F 78 15 7 3 7 29
F 79 15 5 8 6 30
F 80 17 6 8 5 20
F 81 14 7 3 4 29
F 82 14 6 8 3 20
F 83 15 5 8 2 30
F 84 40 0 2 1 15
F 85 18 9 8 1 27
R 234 red
R 790 blue
P 0 3 14 0.4 49 red
P 1 27 23 0.5 50 null
P 2 11 43 0.4 40 null
P 3 63 3 0.5 42 null
P 4 13 26 0.8 80 null
P 5 97 86 0.4 28 blue
P 6 73 77 0.5 34 blue
P 7 89 57 0.4 19 blue
P 8 37 97 0.5 7 blue
P 9 87 74 0.8 35 blue
F 35 27 0 6 45 47
F 47 35 0 7 34 48
F 50 22 0 7 32 48
F 52 13 0 7 31 48
F 54 8 0 7 30 48
F 58 34 7 3 27 29
F 59 22 5 8 26 30
F 60 46 7 3 25 29
F 61 28 9 8 24 27
F 62 60 7 3 23 29
F 64 44 7 3 21 29
F 65 30 9 8 20 27
F 66 26 7 3 19 29
F 67 27 5 8 18 30
F 68 37 7 3 17 29
F 69 31 9 8 16 27
F 70 32 6 8 15 20
F 71 24 7 3 14 29
F 72 24 5 8 13 30
F 73 40 0 2 12 15
F 74 24 6 8 12 20
F 75 18 7 3 11 29
F 76 18 5 8 10 30
F 77 19 6 8 9 20
F 78 15 7 3 8 29
F 79 15 5 8 7 30
F 80 17 6 8 6 20
F 81 14 7 3 5 29
F 82 14 6 8 4 20
F 83 15 5 8 3 30
F 84 40 0 2 2 15
F 85 18 9 8 2 27
F 86 15 7 3 1 29
R 238 red
R 816 blue
P 0 3 14 0.4 53 red
P 1 27 23 0.5 50 null
P 2 11 43 0.4 40 null
P 3 63 3 0.5 42 null
P 4 13 26 0.8 80 null
P 5 97 86 0.4 32 blue
P 6 73 77 0.5 39 blue
P 7 89 57 0.4 23 blue
P 8 37 97 0.5 12 blue
P 9 87 74 0.8 26 blue
F 35 27 0 6 46 47
F 47 35 0 7 35 48
F 50 22 0 7 33 48
F 52 13 0 7 32 48
F 54 8 0 7 31 48
F 58 34 7 3 28 29
F 59 22 5 8 27 30
F 60 46 7 3 26 29
F 61 28 9 8 25 27
F 62 60 7 3 24 29
F 64 44 7 3 22 29
F 65 30 9 8 21 27
F 66 26 7 3 20 29
F 67 27 5 8 19 30
F 68 37 7 3 18 29
F 69 31 9 8 17 27
F 70 32 6 8 16 20
F 71 24 7 3 15 29
F 72 24 5 8 14 30
F 73 40 0 2 13 15
F 74 24 6 8 13 20
F 75 18 7 3 12 29
F 76 18 5 8 11 30
F 77 19 6 8 10 20
F 78 15 7 3 9 29
F 79 15 5 8 8 30
F 80 17 6 8 7 20
F 81 14 7 3 6 29
F 82 14 6 8 5 20
F 83 15 5 8 4 30
F 84 40 0 2 3 15
F 85 18 9 8 3 27
F 86 15 7 3 2 29
F 87 17 9 3 1 37
R 217 red
R 783 blue
P 0 3 14 0.4 57 red
P 1 27 23 0.5 50 null
P 2 11 43 0.4 40 null
P 3 63 3 0.5 8 null
P 4 13 26 0.8 80 null
P 5 97 86 0.4 36 blue
P 6 73 77 0.5 2 red
P 7 89 57 0.4 27 blue
P 8 37 97 0.5 17 blue
P 9 87 74 0.8 34 blue
F 47 35 0 7 36 48
F 50 22 0 7 34 48
F 52 13 0 7 33 48
F 54 8 0 7 32 48
F 59 22 5 8 28 30
F 60 46 7 3 27 29
F 61 28 9 8 26 27
F 62 60 7 3 25 29
F 64 44 7 3 23 29
F 65 30 9 8 22 27
F 66 26 7 3 21 29
F 67 27 5 8 20 30
F 68 37 7 3 19 29
F 69 31 9 8 18 27
F 70 32 6 8 17 20
F 71 24 7 3 16 29
F 72 24 5 8 15 30
F 73 40 0 2 14 15
F 74 24 6 8 14 20
F 75 18 7 3 13 29
F 76 18 5 8 12 30
F 77 19 6 8 11 20
F 78 15 7 3 10 29
F 79 15 5 8 9 30
F 80 17 6 8 8 20
F 81 14 7 3 7 29
F 82 14 6 8 6 20
F 83 15 5 8 5 30
F 84 40 0 2 4 15
F 85 18 9 8 4 27
F 86 15 7 3 3 29
F 87 17 9 3 2 37
F 88 19 6 2 1 35
R 186 red
R 804 blue
P 0 3 14 0.4 61 red
P 1 27 23 0.5 50 null
P 2 11 43 0.4 0 red
P 3 63 3 0.5 8 null
P 4 13 26 0.8 80 null
P 5 97 86 0.4 22 blue
P 6 73 77 0.5 7 red
P 7 89 57 0.4 31 blue
P 8 37 97 0.5 50 blue
P 9 87 74 0.8 42 blue
F 47 35 0 7 37 48
F 50 22 0 7 35 48
F 52 13 0 7 34 48
F 54 8 0 7 33 48
F 59 22 5 8 29 30
F 60 46 7 3 28 29
F 62 60 7 3 26 29
F 64 44 7 3 24 29
F 65 30 9 8 23 27
F 66 26 7 3 22 29
F 67 27 5 8 21 30
F 68 37 7 3 20 29
F 69 31 9 8 19 27
F 70 32 6 8 18 20
F 71 24 7 3 17 29
F 72 24 5 8 16 30
F 74 24 6 8 15 20
F 75 18 7 3 14 29
F 76 18 5 8 13 30
F 77 19 6 8 12 20
F 78 15 7 3 11 29
F 79 15 5 8 10 30
F 80 17 6 8 9 20
F 81 14 7 3 8 29
F 82 14 6 8 7 20
F 83 15 5 8 6 30
F 84 40 0 2 5 15
F 85 18 9 8 5 27
F 86 15 7 3 4 29
F 87 17 9 3 3 37
F 88 19 6 2 2 35
F 89 18 5 6 1 12
R 199 red
R 817 blue
P 0 3 14 0.4 65 red
P 1 27 23 0.5 50 null
P 2 11 43 0.4 4 red
P 3 63 3 0.5 38 blue
P 4 13 26 0.8 80 null
P 5 97 86 0.4 26 blue
P 6 73 77 0.5 12 red
P 7 89 57 0.4 35 blue
P 8 37 97 0.5 52 blue
P 9 87 74 0.8 50 blue
F 47 35 0 7 38 48
F 50 22 0 7 36 48
F 52 13 0 7 35 48
F 54 8 0 7 34 48
F 62 60 7 3 27 29
F 64 44 7 3 25 29
F 65 30 9 8 24 27
F 66 26 7 3 23 29
F 67 27 5 8 22 30
F 68 37 7 3 21 29
F 69 31 9 8 20 27
F 70 32 6 8 19 20
F 71 24 7 3 18 29
F 72 24 5 8 17 30
F 74 24 6 8 16 20
F 75 18 7 3 15 29
F 76 18 5 8 14 30
F 77 19 6 8 13 20
F 78 15 7 3 12 29
F 79 15 5 8 11 30
F 80 17 6 8 10 20
F 81 14 7 3 9 29
F 82 14 6 8 8 20
F 83 15 5 8 7 30
F 84 40 0 2 6 15
F 85 18 9 8 6 27
F 86 15 7 3 5 29
F 87 17 9 3 4 37
F 88 19 6 2 3 35
F 89 18 5 6 2 12
F 90 25 8 6 1 20
R 212 red
R 843 blue
P 0 3 14 0.4 69 red
P 1 27 23 0.5 50 null
P 2 11 43 0.4 8 red
P 3 63 3 0.5 43 blue
P 4 13 26 0.8 80 null
P 5 97 86 0.4 30 blue
P 6 73 77 0.5 17 red
P 7 89 57 0.4 39 blue
P 8 37 97 0.5 89 blue
P 9 87 74 0.8 33 blue
F 47 35 0 7 39 48
F 50 22 0 7 37 48
F 52 13 0 7 36 48
F 54 8 0 7 35 48
F 62 60 7 3 28 29
F 64 44 7 3 26 29
F 65 30 9 8 25 27
F 66 26 7 3 24 29
F 67 27 5 8 23 30
F 68 37 7 3 22 29
F 69 31 9 8 21 27
F 71 24 7 3 19 29
F 72 24 5 8 18 30
F 74 24 6 8 17 20
F 75 18 7 3 16 29
F 76 18 5 8 15 30
F 77 19 6 8 14 20
F 78 15 7 3 13 29
F 79 15 5 8 12 30
F 80 17 6 8 11 20
F 81 14 7 3 10 29
F 82 14 6 8 9 20
F 83 15 5 8 8 30
F 84 40 0 2 7 15
F 85 18 9 8 7 27
F 86 15 7 3 6 29
F 87 17 9 3 5 37
F 88 19 6 2 4 35
F 89 18 5 6 3 12
F 90 25 8 6 2 20
F 91 25 9 6 1 7
R 225 red
R 869 blue
P 0 3 14 0.4 73 red
P 1 27 23 0.5 50 null
P 2 11 43 0.4 12 red
P 3 63 3 0.5 108 blue
P 4 13 26 0.8 80 null
P 5 97 86 0.4 34 blue
P 6 73 77 0.5 22 red
P 7 89 57 0.4 43 blue
P 8 37 97 0.5 50 blue
P 9 87 74 0.8 41 blue
F 47 35 0 7 40 48
F 50 22 0 7 38 48
F 52 13 0 7 37 48
F 54 8 0 7 36 48
F 64 44 7 3 27 29
F 65 30 9 8 26 27
F 66 26 7 3 25 29
F 67 27 5 8 24 30
F 68 37 7 3 23 29
F 69 31 9 8 22 27
F 71 24 7 3 20 29
F 72 24 5 8 19 30
F 74 24 6 8 18 20
F 75 18 7 3 17 29
F 76 18 5 8 16 30
F 77 19 6 8 15 20
F 78 15 7 3 14 29
F 79 15 5 8 13 30
F 80 17 6 8 12 20
F 81 14 7 3 11 29
F 82 14 6 8 10 20
F 83 15 5 8 9 30
F 84 40 0 2 8 15
F 85 18 9 8 8 27
F 86 15 7 3 7 29
F 87 17 9 3 6 37
F 88 19 6 2 5 35
F 89 18 5 6 4 12
F 90 25 8 6 3 20
F 91 25 9 6 2 7
F 92 44 8 6 1 20
R 238 red
R 895 blue
P 0 3 14 0.4 77 red
P 1 27 23 0.5 50 null
P 2 11 43 0.4 16 red
P 3 63 3 0.5 59 blue
P 4 13 26 0.8 80 null
P 5 97 86 0.4 38 blue
P 6 73 77 0.5 27 red
P 7 89 57 0.4 47 blue
P 8 37 97 0.5 85 blue
P 9 87 74 0.8 49 blue
F 47 35 0 7 41 48
F 50 22 0 7 39 48
F 52 13 0 7 38 48
F 54 8 0 7 37 48
F 64 44 7 3 28 29
F 66 26 7 3 26 29
F 67 27 5 8 25 30
F 68 37 7 3 24 29
F 69 31 9 8 23 27
F 71 24 7 3 21 29
F 72 24 5 8 20 30
F 74 24 6 8 19 20
F 75 18 7 3 18 29
F 76 18 5 8 17 30
F 77 19 6 8 16 20
F 78 15 7 3 15 29
F 79 15 5 8 14 30
F 80 17 6 8 13 20
F 81 14 7 3 12 29
F 82 14 6 8 11 20
F 83 15 5 8 10 30
F 84 40 0 2 9 15
F 85 18 9 8 9 27
F 86 15 7 3 8 29
F 87 17 9 3 7 37
F 88 19 6 2 6 35
F 89 18 5 6 5 12
F 90 25 8 6 4 20
F 91 25 9 6 3 7
F 92 44 8 6 2 20
F 93 54 3 1 1 20
R 251 red
R 921 blue
P 0 3 14 0.4 81 red
P 1 27 23 0.5 50 null
P 2 11 43 0.4 20 red
P 3 63 3 0.5 108 blue
P 4 13 26 0.8 80 null
P 5 97 86 0.4 42 blue
P 6 73 77 0.5 32 red
P 7 89 57 0.4 51 blue
P 8 37 97 0.5 72 blue
P 9 87 74 0.8 57 blue
F 47 35 0 7 42 48
F 50 22 0 7 40 48
F 52 13 0 7 39 48
F 54 8 0 7 38 48
F 66 26 7 3 27 29
F 67 27 5 8 26 30
F 68 37 7 3 25 29
F 69 31 9 8 24 27
F 71 24 7 3 22 29
F 72 24 5 8 21 30
F 75 18 7 3 19 29
F 76 18 5 8 18 30
F 77 19 6 8 17 20
F 78 15 7 3 16 29
F 79 15 5 8 15 30
F 80 17 6 8 14 20
F 81 14 7 3 13 29
F 82 14 6 8 12 20
F 83 15 5 8 11 30
F 84 40 0 2 10 15
F 85 18 9 8 10 27
F 86 15 7 3 9 29
F 87 17 9 3 8 37
F 88 19 6 2 7 35
F 89 18 5 6 6 12
F 90 25 8 6 5 20
F 91 25 9 6 4 7
F 92 44 8 6 3 20
F 93 54 3 1 2 20
F 94 42 8 6 1 20
R 264 red
R 947 blue
P 0 3 14 0.4 85 red
P 1 27 23 0.5 50 null
P 2 11 43 0.4 24 red
P 3 63 3 0.5 59 blue
P 4 13 26 0.8 80 null
P 5 97 86 0.4 46 blue
P 6 73 77 0.5 37 red
P 7 89 57 0.4 55 blue
P 8 37 97 0.5 77 blue
P 9 87 74 0.8 65 blue
F 47 35 0 7 43 48
F 50 22 0 7 41 48
F 52 13 0 7 40 48
F 54 8 0 7 39 48
F 66 26 7 3 28 29
F 67 27 5 8 27 30
F 68 37 7 3 26 29
F 69 31 9 8 25 27
F 71 24 7 3 23 29
F 72 24 5 8 22 30
F 75 18 7 3 20 29
F 76 18 5 8 19 30
F 77 19 6 8 18 20
F 78 15 7 3 17 29
F 79 15 5 8 16 30
F 80 17 6 8 15 20
F 81 14 7 3 14 29
F 82 14 6 8 13 20
F 83 15 5 8 12 30
F 84 40 0 2 11 15
F 85 18 9 8 11 27
F 86 15 7 3 10 29
F 87 17 9 3 9 37
F 88 19 6 2 8 35
F 89 18 5 6 7 12
F 90 25 8 6 6 20
F 91 25 9 6 5 7
F 92 44 8 6 4 20
F 93 54 3 1 3 20
F 94 42 8 6 2 20
F 95 54 3 1 1 20
R 277 red
R 973 blue
P 0 3 14 0.4 89 red
P 1 27 23 0.5 50 null
P 2 11 43 0.4 28 red
P 3 63 3 0.5 90 blue
P 4 13 26 0.8 80 null
P 5 97 86 0.4 50 blue
P 6 73 77 0.5 42 red
P 7 89 57 0.4 59 blue
P 8 37 97 0.5 44 blue
P 9 87 74 0.8 73 blue
F 47 35 0 7 44 48
F 50 22 0 7 42 48
F 52 13 0 7 41 48
F 54 8 0 7 40 48
F 67 27 5 8 28 30
F 68 37 7 3 27 29
F 69 31 9 8 26 27
F 71 24 7 3 24 29
F 72 24 5 8 23 30
F 75 18 7 3 21 29
F 76 18 5 8 20 30
F 77 19 6 8 19 20
F 78 15 7 3 18 29
F 79 15 5 8 17 30
F 80 17 6 8 16 20
F 81 14 7 3 15 29
F 82 14 6 8 14 20
F 83 15 5 8 13 30
F 84 40 0 2 12 15
F 85 18 9 8 12 27
F 86 15 7 3 11 29
F 87 17 9 3 10 37
F 88 19 6 2 9 35
F 89 18 5 6 8 12
F 90 25 8 6 7 20
F 91 25 9 6 6 7
F 92 44 8 6 5 20
F 93 54 3 1 4 20
F 94 42 8 6 3 20
F 95 54 3 1 2 20
F 96 38 8 6 1 20
R 265 red
R 974 blue
P 0 3 14 0.4 93 red
P 1 27 23 0.5 50 null
P 2 11 43 0.4 32 red
P 3 63 3 0.5 50 blue
P 4 13 26 0.8 80 null
P 5 97 86 0.4 54 blue
P 6 73 77 0.5 22 red
P 7 89 57 0.4 63 blue
P 8 37 97 0.5 99 blue
P 9 87 74 0.8 81 blue
F 47 35 0 7 45 48
F 50 22 0 7 43 48
F 52 13 0 7 42 48
F 54 8 0 7 41 48
F 67 27 5 8 29 30
F 68 37 7 3 28 29
F 71 24 7 3 25 29
F 72 24 5 8 24 30
F 75 18 7 3 22 29
F 76 18 5 8 21 30
F 78 15 7 3 19 29
F 79 15 5 8 18 30
F 80 17 6 8 17 20
F 81 14 7 3 16 29
F 82 14 6 8 15 20
F 83 15 5 8 14 30
F 84 40 0 2 13 15
F 85 18 9 8 13 27
F 86 15 7 3 12 29
F 87 17 9 3 11 37
F 88 19 6 2 10 35
F 89 18 5 6 9 12
F 90 25 8 6 8 20
F 92 44 8 6 6 20
F 93 54 3 1 5 20
F 94 42 8 6 4 20
F 95 54 3 1 3 20
F 96 38 8 6 2 20
F 97 45 3 1 1 20
R 278 red
R 1000 blue
P 0 3 14 0.4 97 red
P 1 27 23 0.5 50 null
P 2 11 43 0.4 36 red
P 3 63 3 0.5 92 blue
P 4 13 26 0.8 80 null
P 5 97 86 0.4 58 blue
P 6 73 77 0.5 27 red
P 7 89 57 0.4 67 blue
P 8 37 97 0.5 82 blue
P 9 87 74 0.8 89 blue
F 47 35 0 7 46 48
F 50 22 0 7 44 48
F 52 13 0 7 43 48
F 54 8 0 7 42 48
F 71 24 7 3 26 29
F 72 24 5 8 25 30
F 75 18 7 3 23 29
F 76 18 5 8 22 30
F 78 15 7 3 20 29
F 79 15 5 8 19 30
F 80 17 6 8 18 20
F 81 14 7 3 17 29
F 82 14 6 8 16 20
F 83 15 5 8 15 30
F 84 40 0 2 14 15
F 85 18 9 8 14 27
F 86 15 7 3 13 29
F 87 17 9 3 12 37
F 88 19 6 2 11 35
F 89 18 5 6 10 12
F 90 25 8 6 9 20
F 92 44 8 6 7 20
F 93 54 3 1 6 20
F 94 42 8 6 5 20
F 95 54 3 1 4 20
F 96 38 8 6 3 20
F 97 45 3 1 2 20
F 98 49 8 6 1 20
R 291 red
R 1026 blue
P 0 3 14 0.4 101 red
P 1 27 23 0.5 50 null
P 2 11 43 0.4 80 red
P 3 63 3 0.5 51 blue
P 4 13 26 0.8 80 null
P 5 97 86 0.4 62 blue
P 6 73 77 0.5 32 red
P 7 89 57 0.4 71 blue
P 8 37 97 0.5 87 blue
P 9 87 74 0.8 97 blue
F 47 35 0 7 47 48
F 50 22 0 7 45 48
F 52 13 0 7 44 48
F 54 8 0 7 43 48
F 71 24 7 3 27 29
F 72 24 5 8 26 30
F 75 18 7 3 24 29
F 76 18 5 8 23 30
F 78 15 7 3 21 29
F 79 15 5 8 20 30
F 80 17 6 8 19 20
F 81 14 7 3 18 29
F 82 14 6 8 17 20
F 83 15 5 8 16 30
F 85 18 9 8 15 27
F 86 15 7 3 14 29
F 87 17 9 3 13 37
F 88 19 6 2 12 35
F 89 18 5 6 11 12
F 90 25 8 6 10 20
F 92 44 8 6 8 20
F 93 54 3 1 7 20
F 94 42 8 6 6 20
F 95 54 3 1 5 20
F 96 38 8 6 4 20
F 97 45 3 1 3 20
F 98 49 8 6 2 20
F 99 46 3 1 1 20
R 251 red
R 999 blue
P 0 3 14 0.4 105 red
P 1 27 23 0.5 50 null
P 2 11 43 0.4 84 red
P 3 63 3 0.5 56 blue
P 4 13 26 0.8 80 null
P 5 97 86 0.4 66 blue
P 6 73 77 0.5 19 red
P 7 89 57 0.4 40 blue
P 8 37 97 0.5 109 blue
P 9 87 74 0.8 57 blue
F 50 22 0 7 46 48
F 52 13 0 7 45 48
F 54 8 0 7 44 48
F 71 24 7 3 28 29
F 72 24 5 8 27 30
F 75 18 7 3 25 29
F 76 18 5 8 24 30
F 78 15 7 3 22 29
F 79 15 5 8 21 30
F 81 14 7 3 19 29
F 82 14 6 8 18 20
F 83 15 5 8 17 30
F 85 18 9 8 16 27
F 86 15 7 3 15 29
F 87 17 9 3 14 37
F 88 19 6 2 13 35
F 90 25 8 6 11 20
F 92 44 8 6 9 20
F 93 54 3 1 8 20
F 94 42 8 6 7 20
F 95 54 3 1 6 20
F 96 38 8 6 5 20
F 97 45 3 1 4 20
F 98 49 8 6 3 20
F 99 46 3 1 2 20
F 100 48 9 6 1 7
R 264 red
R 1025 blue
P 0 3 14 0.4 109 red
P 1 27 23 0.5 50 null
P 2 11 43 0.4 88 red
P 3 63 3 0.5 85 blue
P 4 13 26 0.8 80 null
P 5 97 86 0.4 70 blue
P 6 73 77 0.5 24 red
P 7 89 57 0.4 44 blue
P 8 37 97 0.5 60 blue
P 9 87 74 0.8 65 blue
F 50 22 0 7 47 48
F 52 13 0 7 46 48
F 54 8 0 7 45 48
F 72 24 5 8 28 30
F 75 18 7 3 26 29
F 76 18 5 8 25 30
F 78 15 7 3 23 29
F 79 15 5 8 22 30
F 81 14 7 3 20 29
F 82 14 6 8 19 20
F 83 15 5 8 18 30
F 85 18 9 8 17 27
F 86 15 7 3 16 29
F 87 17 9 3 15 37
F 88 19 6 2 14 35
F 90 25 8 6 12 20
F 92 44 8 6 10 20
F 93 54 3 1 9 20
F 94 42 8 6 8 20
F 95 54 3 1 7 20
F 96 38 8 6 6 20
F 97 45 3 1 5 20
F 98 49 8 6 4 20
F 99 46 3 1 3 20
F 100 48 9 6 2 7
F 101 54 8 6 1 20
R 255 red
R 1029 blue
P 0 3 14 0.4 113 red
P 1 27 23 0.5 50 null
P 2 11 43 0.4 92 red
P 3 63 3 0.5 48 blue
P 4 13 26 0.8 80 null
P 5 97 86 0.4 74 blue
P 6 73 77 0.5 29 red
P 7 89 57 0.4 26 blue
P 8 37 97 0.5 79 blue
P 9 87 74 0.8 73 blue
F 52 13 0 7 47 48
F 54 8 0 7 46 48
F 72 24 5 8 29 30
F 75 18 7 3 27 29
F 76 18 5 8 26 30
F 78 15 7 3 24 29
F 79 15 5 8 23 30
F 81 14 7 3 21 29
F 83 15 5 8 19 30
F 85 18 9 8 18 27
F 86 15 7 3 17 29
F 87 17 9 3 16 37
F 88 19 6 2 15 35
F 90 25 8 6 13 20
F 92 44 8 6 11 20
F 93 54 3 1 10 20
F 94 42 8 6 9 20
F 95 54 3 1 8 20
F 96 38 8 6 7 20
F 97 45 3 1 6 20
F 98 49 8 6 5 20
F 99 46 3 1 4 20
F 100 48 9 6 3 7
F 101 54 8 6 2 20
F 102 42 3 1 1 20
R 255 red
R 1042 blue
P 0 3 14 0.4 117 red
P 1 27 23 0.5 50 null
P 2 11 43 0.4 96 red
P 3 63 3 0.5 53 blue
P 4 13 26 0.8 80 null
P 5 97 86 0.4 78 blue
P 6 73 77 0.5 34 red
P 7 89 57 0.4 17 blue
P 8 37 97 0.5 69 blue
P 9 87 74 0.8 81 blue
F 54 8 0 7 47 48
F 75 18 7 3 28 29
F 76 18 5 8 27 30
F 78 15 7 3 25 29
F 79 15 5 8 24 30
F 81 14 7 3 22 29
F 83 15 5 8 20 30
F 85 18 9 8 19 27
F 86 15 7 3 18 29
F 87 17 9 3 17 37
F 88 19 6 2 16 35
F 90 25 8 6 14 20
F 92 44 8 6 12 20
F 93 54 3 1 11 20
F 94 42 8 6 10 20
F 95 54 3 1 9 20
F 96 38 8 6 8 20
F 97 45 3 1 7 20
F 98 49 8 6 6 20
F 99 46 3 1 5 20
F 100 48 9 6 4 7
F 101 54 8 6 3 20
F 102 42 3 1 2 20
F 103 39 8 6 1 20
R 260 red
R 1060 blue
P 0 3 14 0.4 121 red
P 1 27 23 0.5 50 null
P 2 11 43 0.4 100 red
P 3 63 3 0.5 76 blue
P 4 13 26 0.8 80 null
P 5 97 86 0.4 82 blue
P 6 73 77 0.5 39 red
P 7 89 57 0.4 13 blue
P 8 37 97 0.5 74 blue
P 9 87 74 0.8 49 blue
F 76 18 5 8 28 30
F 78 15 7 3 26 29
F 79 15 5 8 25 30
F 81 14 7 3 23 29
F 83 15 5 8 21 30
F 85 18 9 8 20 27
F 86 15 7 3 19 29
F 87 17 9 3 18 37
F 88 19 6 2 17 35
F 90 25 8 6 15 20
F 92 44 8 6 13 20
F 93 54 3 1 12 20
F 94 42 8 6 11 20
F 95 54 3 1 10 20
F 96 38 8 6 9 20
F 97 45 3 1 8 20
F 98 49 8 6 7 20
F 99 46 3 1 6 20
F 100 48 9 6 5 7
F 101 54 8 6 4 20
F 102 42 3 1 3 20
F 103 39 8 6 2 20
F 104 40 9 6 1 7
R 273 red
R 1086 blue
P 0 3 14 0.4 125 red
P 1 27 23 0.5 50 null
P 2 11 43 0.4 104 red
P 3 63 3 0.5 81 blue
P 4 13 26 0.8 80 null
P 5 97 86 0.4 45 blue
P 6 73 77 0.5 44 red
P 7 89 57 0.4 17 blue
P 8 37 97 0.5 79 blue
P 9 87 74 0.8 57 blue
F 76 18 5 8 29 30
F 78 15 7 3 27 29
F 79 15 5 8 26 30
F 81 14 7 3 24 29
F 83 15 5 8 22 30
F 85 18 9 8 21 27
F 86 15 7 3 20 29
F 87 17 9 3 19 37
F 88 19 6 2 18 35
F 90 25 8 6 16 20
F 92 44 8 6 14 20
F 93 54 3 1 13 20
F 94 42 8 6 12 20
F 95 54 3 1 11 20
F 96 38 8 6 10 20
F 97 45 3 1 9 20
F 98 49 8 6 8 20
F 99 46 3 1 7 20
F 100 48 9 6 6 7
F 101 54 8 6 5 20
F 102 42 3 1 4 20
F 103 39 8 6 3 20
F 104 40 9 6 2 7
F 105 41 5 6 1 12
R 238 red
R 1064 blue
P 0 3 14 0.4 129 red
P 1 27 23 0.5 50 null
P 2 11 43 0.4 108 red
P 3 63 3 0.5 46 blue
P 4 13 26 0.8 80 null
P 5 97 86 0.4 49 blue
P 6 73 77 0.5 1 red
P 7 89 57 0.4 21 blue
P 8 37 97 0.5 102 blue
P 9 87 74 0.8 65 blue
F 78 15 7 3 28 29
F 79 15 5 8 27 30
F 81 14 7 3 25 29
F 83 15 5 8 23 30
F 85 18 9 8 22 27
F 86 15 7 3 21 29
F 87 17 9 3 20 37
F 88 19 6 2 19 35
F 90 25 8 6 17 20
F 92 44 8 6 15 20
F 93 54 3 1 14 20
F 94 42 8 6 13 20
F 95 54 3 1 12 20
F 96 38 8 6 11 20
F 97 45 3 1 10 20
F 98 49 8 6 9 20
F 99 46 3 1 8 20
F 101 54 8 6 6 20
F 102 42 3 1 5 20
F 103 39 8 6 4 20
F 104 40 9 6 3 7
F 105 41 5 6 2 12
F 106 40 3 1 1 20
R 251 red
R 1090 blue
P 0 3 14 0.4 133 red
P 1 27 23 0.5 50 null
P 2 11 43 0.4 112 red
P 3 63 3 0.5 66 blue
P 4 13 26 0.8 80 null
P 5 97 86 0.4 53 blue
P 6 73 77 0.5 6 red
P 7 89 57 0.4 25 blue
P 8 37 97 0.5 56 blue
P 9 87 74 0.8 73 blue
F 79 15 5 8 28 30
F 81 14 7 3 26 29
F 83 15 5 8 24 30
F 85 18 9 8 23 27
F 86 15 7 3 22 29
F 87 17 9 3 21 37
F 88 19 6 2 20 35
F 90 25 8 6 18 20
F 92 44 8 6 16 20
F 93 54 3 1 15 20
F 94 42 8 6 14 20
F 95 54 3 1 13 20
F 96 38 8 6 12 20
F 97 45 3 1 11 20
F 98 49 8 6 10 20
F 99 46 3 1 9 20
F 101 54 8 6 7 20
F 102 42 3 1 6 20
F 103 39 8 6 5 20
F 104 40 9 6 4 7
F 105 41 5 6 3 12
F 106 40 3 1 2 20
F 107 51 8 6 1 20
R 264 red
R 1116 blue
P 0 3 14 0.4 137 red
P 1 27 23 0.5 50 null
P 2 11 43 0.4 116 red
P 3 63 3 0.5 71 blue
P 4 13 26 0.8 80 null
P 5 97 86 0.4 57 blue
P 6 73 77 0.5 11 red
P 7 89 57 0.4 29 blue
P 8 37 97 0.5 61 blue
P 9 87 74 0.8 45 blue
F 79 15 5 8 29 30
F 81 14 7 3 27 29
F 83 15 5 8 25 30
F 85 18 9 8 24 27
F 86 15 7 3 23 29
F 87 17 9 3 22 37
F 88 19 6 2 21 35
F 90 25 8 6 19 20
F 92 44 8 6 17 20
F 93 54 3 1 16 20
F 94 42 8 6 15 20
F 95 54 3 1 14 20
F 96 38 8 6 13 20
F 97 45 3 1 12 20
F 98 49 8 6 11 20
F 99 46 3 1 10 20
F 101 54 8 6 8 20
F 102 42 3 1 7 20
F 103 39 8 6 6 20
F 104 40 9 6 5 7
F 105 41 5 6 4 12
F 106 40 3 1 3 20
F 107 51 8 6 2 20
F 108 36 9 6 1 7
R 261 red
R 1126 blue
P 0 3 14 0.4 141 red
P 1 27 23 0.5 50 null
P 2 11 43 0.4 120 red
P 3 63 3 0.5 41 blue
P 4 13 26 0.8 80 null
P 5 97 86 0.4 61 blue
P 6 73 77 0.5 9 blue
P 7 89 57 0.4 33 blue
P 8 37 97 0.5 81 blue
P 9 87 74 0.8 53 blue
F 81 14 7 3 28 29
F 83 15 5 8 26 30
F 85 18 9 8 25 27
F 86 15 7 3 24 29
F 87 17 9 3 23 37
F 88 19 6 2 22 35
F 92 44 8 6 18 20
F 93 54 3 1 17 20
F 94 42 8 6 16 20
F 95 54 3 1 15 20
F 96 38 8 6 14 20
F 97 45 3 1 13 20
F 98 49 8 6 12 20
F 99 46 3 1 11 20
F 101 54 8 6 9 20
F 102 42 3 1 8 20
F 103 39 8 6 7 20
F 104 40 9 6 6 7
F 105 41 5 6 5 12
F 106 40 3 1 4 20
F 107 51 8 6 3 20
F 108 36 9 6 2 7
F 109 35 3 1 1 20
R 269 red
R 1157 blue
P 0 3 14 0.4 75 red
P 1 27 23 0.5 50 null
P 2 11 43 0.4 64 red
P 3 63 3 0.5 60 blue
P 4 13 26 0.8 80 null
P 5 97 86 0.4 65 blue
P 6 73 77 0.5 54 blue
P 7 89 57 0.4 37 blue
P 8 37 97 0.5 46 blue
P 9 87 74 0.8 61 blue
F 83 15 5 8 27 30
F 85 18 9 8 26 27
F 86 15 7 3 25 29
F 87 17 9 3 24 37
F 88 19 6 2 23 35
F 92 44 8 6 19 20
F 93 54 3 1 18 20
F 94 42 8 6 17 20
F 95 54 3 1 16 20
F 96 38 8 6 15 20
F 97 45 3 1 14 20
F 98 49 8 6 13 20
F 99 46 3 1 12 20
F 101 54 8 6 10 20
F 102 42 3 1 9 20
F 103 39 8 6 8 20
F 105 41 5 6 6 12
F 106 40 3 1 5 20
F 107 51 8 6 4 20
F 108 36 9 6 3 7
F 109 35 3 1 2 20
F 110 60 2 1 1 12
F 111 70 0 1 1 12
F 112 40 8 2 1 29
R 277 red
R 1188 blue
P 0 3 14 0.4 79 red
P 1 27 23 0.5 50 null
P 2 11 43 0.4 68 red
P 3 63 3 0.5 65 blue
P 4 13 26 0.8 80 null
P 5 97 86 0.4 37 blue
P 6 73 77 0.5 103 blue
P 7 89 57 0.4 41 blue
P 8 37 97 0.5 69 blue
P 9 87 74 0.8 69 blue
F 83 15 5 8 28 30
F 86 15 7 3 26 29
F 87 17 9 3 25 37
F 88 19 6 2 24 35
F 93 54 3 1 19 20
F 94 42 8 6 18 20
F 95 54 3 1 17 20
F 96 38 8 6 16 20
F 97 45 3 1 15 20
F 98 49 8 6 14 20
F 99 46 3 1 13 20
F 101 54 8 6 11 20
F 102 42 3 1 10 20
F 103 39 8 6 9 20
F 105 41 5 6 7 12
F 106 40 3 1 6 20
F 107 51 8 6 5 20
F 108 36 9 6 4 7
F 109 35 3 1 3 20
F 110 60 2 1 2 12
F 111 70 0 1 2 12
F 112 40 8 2 2 29
F 113 32 5 1 1 47
R 285 red
R 1169 blue
P 0 3 14 0.4 83 red
P 1 27 23 0.5 4 blue
P 2 11 43 0.4 72 red
P 3 63 3 0.5 70 blue
P 4 13 26 0.8 80 null
P 5 97 86 0.4 41 blue
P 6 73 77 0.5 57 blue
P 7 89 57 0.4 45 blue
P 8 37 97 0.5 74 blue
P 9 87 74 0.8 77 blue
F 83 15 5 8 29 30
F 86 15 7 3 27 29
F 87 17 9 3 26 37
F 88 19 6 2 25 35
F 94 42 8 6 19 20
F 95 54 3 1 18 20
F 96 38 8 6 17 20
F 97 45 3 1 16 20
F 98 49 8 6 15 20
F 99 46 3 1 14 20
F 101 54 8 6 12 20
F 102 42 3 1 11 20
F 103 39 8 6 10 20
F 105 41 5 6 8 12
F 106 40 3 1 7 20
F 107 51 8 6 6 20
F 108 36 9 6 5 7
F 109 35 3 1 4 20
F 110 60 2 1 3 12
F 111 70 0 1 3 12
F 112 40 8 2 3 29
F 113 32 5 1 2 47
F 114 51 6 2 1 35
R 293 red
R 1205 blue
P 0 3 14 0.4 87 red
P 1 27 23 0.5 9 blue
P 2 11 43 0.4 76 red
P 3 63 3 0.5 75 blue
P 4 13 26 0.8 80 null
P 5 97 86 0.4 45 blue
P 6 73 77 0.5 104 blue
P 7 89 57 0.4 49 blue
P 8 37 97 0.5 94 blue
P 9 87 74 0.8 47 blue
F 86 15 7 3 28 29
F 87 17 9 3 27 37
F 88 19 6 2 26 35
F 95 54 3 1 19 20
F 96 38 8 6 18 20
F 97 45 3 1 17 20
F 98 49 8 6 16 20
F 99 46 3 1 15 20
F 101 54 8 6 13 20
F 102 42 3 1 12 20
F 103 39 8 6 11 20
F 105 41 5 6 9 12
F 106 40 3 1 8 20
F 107 51 8 6 7 20
F 108 36 9 6 6 7
F 109 35 3 1 5 20
F 110 60 2 1 4 12
F 111 70 0 1 4 12
F 112 40 8 2 4 29
F 113 32 5 1 3 47
F 114 51 6 2 2 35
F 115 38 9 2 1 41
R 301 red
R 1241 blue
P 0 3 14 0.4 91 red
P 1 27 23 0.5 68 blue
P 2 11 43 0.4 80 red
P 3 63 3 0.5 95 blue
P 4 13 26 0.8 80 null
P 5 97 86 0.4 49 blue
P 6 73 77 0.5 93 blue
P 7 89 57 0.4 53 blue
P 8 37 97 0.5 99 blue
P 9 87 74 0.8 55 blue
F 87 17 9 3 28 37
F 88 19 6 2 27 35
F 96 38 8 6 19 20
F 97 45 3 1 18 20
F 98 49 8 6 17 20
F 99 46 3 1 16 20
F 101 54 8 6 14 20
F 102 42 3 1 13 20
F 103 39 8 6 12 20
F 105 41 5 6 10 12
F 106 40 3 1 9 20
F 107 51 8 6 8 20
F 109 35 3 1 6 20
F 110 60 2 1 5 12
F 111 70 0 1 5 12
F 112 40 8 2 5 29
F 113 32 5 1 4 47
F 114 51 6 2 3 35
F 115 38 9 2 2 41
F 116 52 6 2 1 35
R 309 red
R 1277 blue
P 0 3 14 0.4 95 red
P 1 27 23 0.5 73 blue
P 2 11 43 0.4 84 red
P 3 63 3 0.5 100 blue
P 4 13 26 0.8 80 null
P 5 97 86 0.4 53 blue
P 6 73 77 0.5 136 blue
P 7 89 57 0.4 57 blue
P 8 37 97 0.5 55 blue
P 9 87 74 0.8 63 blue
F 87 17 9 3 29 37
F 88 19 6 2 28 35
F 97 45 3 1 19 20
F 98 49 8 6 18 20
F 99 46 3 1 17 20
F 101 54 8 6 15 20
F 102 42 3 1 14 20
F 103 39 8 6 13 20
F 105 41 5 6 11 12
F 106 40 3 1 10 20
F 107 51 8 6 9 20
F 109 35 3 1 7 20
F 110 60 2 1 6 12
F 111 70 0 1 6 12
F 112 40 8 2 6 29
F 113 32 5 1 5 47
F 114 51 6 2 4 35
F 115 38 9 2 3 41
F 116 52 6 2 2 35
F 117 49 8 2 1 29
R 317 red
R 1313 blue
P 0 3 14 0.4 99 red
P 1 27 23 0.5 123 blue
P 2 11 43 0.4 88 red
P 3 63 3 0.5 105 blue
P 4 13 26 0.8 80 null
P 5 97 86 0.4 57 blue
P 6 73 77 0.5 114 blue
P 7 89 57 0.4 61 blue
P 8 37 97 0.5 60 blue
P 9 87 74 0.8 71 blue
F 87 17 9 3 30 37
F 88 19 6 2 29 35
F 98 49 8 6 19 20
F 99 46 3 1 18 20
F 101 54 8 6 16 20
F 102 42 3 1 15 20
F 103 39 8 6 14 20
F 106 40 3 1 11 20
F 107 51 8 6 10 20
F 109 35 3 1 8 20
F 110 60 2 1 7 12
F 111 70 0 1 7 12
F 112 40 8 2 7 29
F 113 32 5 1 6 47
F 114 51 6 2 5 35
F 115 38 9 2 4 41
F 116 52 6 2 3 35
F 117 49 8 2 2 29
F 118 68 6 2 1 35
R 325 red
R 1349 blue
P 0 3 14 0.4 103 red
P 1 27 23 0.5 67 blue
P 2 11 43 0.4 92 red
P 3 63 3 0.5 110 blue
P 4 13 26 0.8 80 null
P 5 97 86 0.4 61 blue
P 6 73 77 0.5 168 blue
P 7 89 57 0.4 65 blue
P 8 37 97 0.5 65 blue
P 9 87 74 0.8 79 blue
F 87 17 9 3 31 37
F 88 19 6 2 30 35
F 99 46 3 1 19 20
F 101 54 8 6 17 20
F 102 42 3 1 16 20
F 103 39 8 6 15 20
F 106 40 3 1 12 20
F 107 51 8 6 11 20
F 109 35 3 1 9 20
F 110 60 2 1 8 12
F 111 70 0 1 8 12
F 112 40 8 2 8 29
F 113 32 5 1 7 47
F 114 51 6 2 6 35
F 115 38 9 2 5 41
F 116 52 6 2 4 35
F 117 49 8 2 3 29
F 118 68 6 2 2 35
F 119 61 1 4 1 7
R 333 red
R 1385 blue
P 0 3 14 0.4 107 red
P 1 27 23 0.5 118 blue
P 2 11 43 0.4 96 red
P 3 63 3 0.5 115 blue
P 4 13 26 0.8 80 null
P 5 97 86 0.4 65 blue
P 6 73 77 0.5 89 blue
P 7 89 57 0.4 69 blue
P 8 37 97 0.5 70 blue
P 9 87 74 0.8 87 blue
F 87 17 9 3 32 37
F 88 19 6 2 31 35
F 101 54 8 6 18 20
F 102 42 3 1 17 20
F 103 39 8 6 16 20
F 106 40 3 1 13 20
F 107 51 8 6 12 20
F 109 35 3 1 10 20
F 110 60 2 1 9 12
F 111 70 0 1 9 12
F 112 40 8 2 9 29
F 113 32 5 1 8 47
F 114 51 6 2 7 35
F 115 38 9 2 6 41
F 116 52 6 2 5 35
F 117 49 8 2 4 29
F 118 68 6 2 3 35
F 119 61 1 4 2 7
F 120 84 6 2 1 35
R 341 red
R 1421 blue
P 0 3 14 0.4 111 red
P 1 27 23 0.5 64 blue
P 2 11 43 0.4 100 red
P 3 63 3 0.5 120 blue
P 4 13 26 0.8 80 null
P 5 97 86 0.4 69 blue
P 6 73 77 0.5 94 blue
P 7 89 57 0.4 73 blue
P 8 37 97 0.5 75 blue
P 9 87 74 0.8 95 blue
F 87 17 9 3 33 37
F 88 19 6 2 32 35
F 101 54 8 6 19 20
F 102 42 3 1 18 20
F 103 39 8 6 17 20
F 106 40 3 1 14 20
F 107 51 8 6 13 20
F 109 35 3 1 11 20
F 110 60 2 1 10 12
F 111 70 0 1 10 12
F 112 40 8 2 10 29
F 113 32 5 1 9 47
F 114 51 6 2 8 35
F 115 38 9 2 7 41
F 116 52 6 2 6 35
F 117 49 8 2 5 29
F 118 68 6 2 4 35
F 119 61 1 4 3 7
F 120 84 6 2 2 35
F 121 59 1 4 1 7
R 349 red
R 1457 blue
P 0 3 14 0.4 115 red
P 1 27 23 0.5 69 blue
P 2 11 43 0.4 104 red
P 3 63 3 0.5 65 blue
P 4 13 26 0.8 80 null
P 5 97 86 0.4 73 blue
P 6 73 77 0.5 153 blue
P 7 89 57 0.4 77 blue
P 8 37 97 0.5 80 blue
P 9 87 74 0.8 103 blue
F 87 17 9 3 34 37
F 88 19 6 2 33 35
F 102 42 3 1 19 20
F 103 39 8 6 18 20
F 106 40 3 1 15 20
F 107 51 8 6 14 20
F 109 35 3 1 12 20
F 110 60 2 1 11 12
F 111 70 0 1 11 12
F 112 40 8 2 11 29
F 113 32 5 1 10 47
F 114 51 6 2 9 35
F 115 38 9 2 8 41
F 116 52 6 2 7 35
F 117 49 8 2 6 29
F 118 68 6 2 5 35
F 119 61 1 4 4 7
F 120 84 6 2 3 35
F 121 59 1 4 2 7
F 122 60 3 4 1 27
R 241 red
R 1377 blue
P 0 3 14 0.4 119 red
P 1 27 23 0.5 14 red
P 2 11 43 0.4 108 red
P 3 63 3 0.5 70 blue
P 4 13 26 0.8 80 null
P 5 97 86 0.4 77 blue
P 6 73 77 0.5 82 blue
P 7 89 57 0.4 81 blue
P 8 37 97 0.5 85 blue
P 9 87 74 0.8 111 blue
F 87 17 9 3 35 37
F 88 19 6 2 34 35
F 103 39 8 6 19 20
F 106 40 3 1 16 20
F 107 51 8 6 15 20
F 109 35 3 1 13 20
F 112 40 8 2 12 29
F 113 32 5 1 11 47
F 114 51 6 2 10 35
F 115 38 9 2 9 41
F 116 52 6 2 8 35
F 117 49 8 2 7 29
F 118 68 6 2 6 35
F 119 61 1 4 5 7
F 120 84 6 2 4 35
F 121 59 1 4 3 7
F 122 60 3 4 2 27
F 123 76 6 2 1 35
R 235 red
R 1389 blue
P 0 3 14 0.4 123 red
P 1 27 23 0.5 19 red
P 2 11 43 0.4 93 red
P 3 63 3 0.5 75 blue
P 4 13 26 0.8 80 null
P 5 97 86 0.4 81 blue
P 6 73 77 0.5 126 blue
P 7 89 57 0.4 85 blue
P 8 37 97 0.5 90 blue
P 9 87 74 0.8 64 blue
F 87 17 9 3 36 37
F 106 40 3 1 17 20
F 107 51 8 6 16 20
F 109 35 3 1 14 20
F 112 40 8 2 13 29
F 113 32 5 1 12 47
F 114 51 6 2 11 35
F 115 38 9 2 10 41
F 116 52 6 2 9 35
F 117 49 8 2 8 29
F 118 68 6 2 7 35
F 119 61 1 4 6 7
F 120 84 6 2 5 35
F 121 59 1 4 4 7
F 122 60 3 4 3 27
F 123 76 6 2 2 35
F 124 55 9 1 1 39
R 248 red
R 1359 blue
P 0 3 14 0.4 127 red
P 1 27 23 0.5 24 red
P 2 11 43 0.4 97 red
P 3 63 3 0.5 97 blue
P 4 13 26 0.8 19 null
P 5 97 86 0.4 85 blue
P 6 73 77 0.5 68 blue
P 7 89 57 0.4 89 blue
P 8 37 97 0.5 95 blue
P 9 87 74 0.8 72 blue
F 106 40 3 1 18 20
F 107 51 8 6 17 20
F 109 35 3 1 15 20
F 112 40 8 2 14 29
F 113 32 5 1 13 47
F 114 51 6 2 12 35
F 115 38 9 2 11 41
F 116 52 6 2 10 35
F 117 49 8 2 9 29
F 118 68 6 2 8 35
F 120 84 6 2 6 35
F 121 59 1 4 5 7
F 122 60 3 4 4 27
F 123 76 6 2 3 35
F 124 55 9 1 2 39
F 125 63 6 2 1 35
R 261 red
R 1390 blue
P 0 3 14 0.4 131 red
P 1 27 23 0.5 29 red
P 2 11 43 0.4 101 red
P 3 63 3 0.5 54 blue
P 4 13 26 0.8 19 null
P 5 97 86 0.4 89 blue
P 6 73 77 0.5 73 blue
P 7 89 57 0.4 93 blue
P 8 37 97 0.5 100 blue
P 9 87 74 0.8 80 blue
F 106 40 3 1 19 20
F 107 51 8 6 18 20
F 109 35 3 1 16 20
F 112 40 8 2 15 29
F 113 32 5 1 14 47
F 114 51 6 2 13 35
F 115 38 9 2 12 41
F 116 52 6 2 11 35
F 117 49 8 2 10 29
F 118 68 6 2 9 35
F 120 84 6 2 7 35
F 121 59 1 4 6 7
F 122 60 3 4 5 27
F 123 76 6 2 4 35
F 124 55 9 1 3 39
F 125 63 6 2 2 35
F 126 48 3 1 1 20
R 240 red
R 1368 blue
P 0 3 14 0.4 135 red
P 1 27 23 0.5 6 blue
P 2 11 43 0.4 105 red
P 3 63 3 0.5 59 blue
P 4 13 26 0.8 40 blue
P 5 97 86 0.4 93 blue
P 6 73 77 0.5 78 blue
P 7 89 57 0.4 97 blue
P 8 37 97 0.5 55 blue
P 9 87 74 0.8 88 blue
F 107 51 8 6 19 20
F 109 35 3 1 17 20
F 112 40 8 2 16 29
F 113 32 5 1 15 47
F 114 51 6 2 14 35
F 115 38 9 2 13 41
F 116 52 6 2 12 35
F 117 49 8 2 11 29
F 118 68 6 2 10 35
F 120 84 6 2 8 35
F 122 60 3 4 6 27
F 123 76 6 2 5 35
F 124 55 9 1 4 39
F 125 63 6 2 3 35
F 126 48 3 1 2 20
F 127 50 8 2 1 29
R 248 red
R 1412 blue
P 0 3 14 0.4 139 red
P 1 27 23 0.5 11 blue
P 2 11 43 0.4 109 red
P 3 63 3 0.5 64 blue
P 4 13 26 0.8 48 blue
P 5 97 86 0.4 97 blue
P 6 73 77 0.5 134 blue
P 7 89 57 0.4 53 blue
P 8 37 97 0.5 60 blue
P 9 87 74 0.8 96 blue
F 109 35 3 1 18 20
F 112 40 8 2 17 29
F 113 32 5 1 16 47
F 114 51 6 2 15 35
F 115 38 9 2 14 41
F 116 52 6 2 13 35
F 117 49 8 2 12 29
F 118 68 6 2 11 35
F 120 84 6 2 9 35
F 122 60 3 4 7 27
F 123 76 6 2 6 35
F 124 55 9 1 5 39
F 125 63 6 2 4 35
F 126 48 3 1 3 20
F 127 50 8 2 2 29
F 128 48 7 2 1 39
R 256 red
R 1456 blue
P 0 3 14 0.4 143 red
P 1 27 23 0.5 16 blue
P 2 11 43 0.4 113 red
P 3 63 3 0.5 69 blue
P 4 13 26 0.8 56 blue
P 5 97 86 0.4 101 blue
P 6 73 77 0.5 72 blue
P 7 89 57 0.4 57 blue
P 8 37 97 0.5 65 blue
P 9 87 74 0.8 104 blue
F 109 35 3 1 19 20
F 112 40 8 2 18 29
F 113 32 5 1 17 47
F 114 51 6 2 16 35
F 115 38 9 2 15 41
F 116 52 6 2 14 35
F 117 49 8 2 13 29
F 118 68 6 2 12 35
F 120 84 6 2 10 35
F 122 60 3 4 8 27
F 123 76 6 2 7 35
F 124 55 9 1 6 39
F 125 63 6 2 5 35
F 126 48 3 1 4 20
F 127 50 8 2 3 29
F 128 48 7 2 2 39
F 129 67 6 2 1 35
R 264 red
R 1500 blue
P 0 3 14 0.4 147 red
P 1 27 23 0.5 56 blue
P 2 11 43 0.4 117 red
P 3 63 3 0.5 74 blue
P 4 13 26 0.8 64 blue
P 5 97 86 0.4 105 blue
P 6 73 77 0.5 77 blue
P 7 89 57 0.4 61 blue
P 8 37 97 0.5 70 blue
P 9 87 74 0.8 60 blue
F 112 40 8 2 19 29
F 113 32 5 1 18 47
F 114 51 6 2 17 35
F 115 38 9 2 16 41
F 116 52 6 2 15 35
F 117 49 8 2 14 29
F 118 68 6 2 13 35
F 120 84 6 2 11 35
F 122 60 3 4 9 27
F 123 76 6 2 8 35
F 124 55 9 1 7 39
F 125 63 6 2 6 35
F 126 48 3 1 5 20
F 127 50 8 2 4 29
F 128 48 7 2 3 39
F 129 67 6 2 2 35
F 130 52 9 2 1 41
R 272 red
R 1544 blue
P 0 3 14 0.4 151 red
P 1 27 23 0.5 61 blue
P 2 11 43 0.4 121 red
P 3 63 3 0.5 79 blue
P 4 13 26 0.8 72 blue
P 5 97 86 0.4 57 blue
P 6 73 77 0.5 82 blue
P 7 89 57 0.4 65 blue
P 8 37 97 0.5 75 blue
P 9 87 74 0.8 68 blue
F 112 40 8 2 20 29
F 113 32 5 1 19 47
F 114 51 6 2 18 35
F 115 38 9 2 17 41
F 116 52 6 2 16 35
F 117 49 8 2 15 29
F 118 68 6 2 14 35
F 120 84 6 2 12 35
F 122 60 3 4 10 27
F 123 76 6 2 9 35
F 124 55 9 1 8 39
F 125 63 6 2 7 35
F 126 48 3 1 6 20
F 127 50 8 2 5 29
F 128 48 7 2 4 39
F 129 67 6 2 3 35
F 130 52 9 2 2 41
F 131 52 5 2 1 48
R 280 red
R 1588 blue
P 0 3 14 0.4 155 red
P 1 27 23 0.5 66 blue
P 2 11 43 0.4 125 red
P 3 63 3 0.5 84 blue
P 4 13 26 0.8 80 blue
P 5 97 86 0.4 61 blue
P 6 73 77 0.5 46 blue
P 7 89 57 0.4 69 blue
P 8 37 97 0.5 80 blue
P 9 87 74 0.8 76 blue
F 112 40 8 2 21 29
F 113 32 5 1 20 47
F 114 51 6 2 19 35
F 115 38 9 2 18 41
F 116 52 6 2 17 35
F 117 49 8 2 16 29
F 118 68 6 2 15 35
F 120 84 6 2 13 35
F 122 60 3 4 11 27
F 123 76 6 2 10 35
F 124 55 9 1 9 39
F 125 63 6 2 8 35
F 126 48 3 1 7 20
F 127 50 8 2 6 29
F 128 48 7 2 5 39
F 129 67 6 2 4 35
F 130 52 9 2 3 41
F 131 52 5 2 2 48
F 132 41 6 2 1 35
R 288 red
R 1632 blue
P 0 3 14 0.4 159 red
P 1 27 23 0.5 71 blue
P 2 11 43 0.4 129 red
P 3 63 3 0.5 47 blue
P 4 13 26 0.8 88 blue
P 5 97 86 0.4 65 blue
P 6 73 77 0.5 51 blue
P 7 89 57 0.4 73 blue
P 8 37 97 0.5 85 blue
P 9 87 74 0.8 84 blue
F 112 40 8 2 22 29
F 113 32 5 1 21 47
F 114 51 6 2 20 35
F 115 38 9 2 19 41
F 116 52 6 2 18 35
F 117 49 8 2 17 29
F 118 68 6 2 16 35
F 120 84 6 2 14 35
F 122 60 3 4 12 27
F 123 76 6 2 11 35
F 124 55 9 1 10 39
F 125 63 6 2 9 35
F 126 48 3 1 8 20
F 127 50 8 2 7 29
F 128 48 7 2 6 39
F 129 67 6 2 5 35
F 130 52 9 2 4 41
F 131 52 5 2 3 48
F 132 41 6 2 2 35
F 133 42 3 0 1 30
R 296 red
R 1676 blue
P 0 3 14 0.4 163 red
P 1 27 23 0.5 76 blue
P 2 11 43 0.4 133 red
P 3 63 3 0.5 52 blue
P 4 13 26 0.8 52 blue
P 5 97 86 0.4 69 blue
P 6 73 77 0.5 56 blue
P 7 89 57 0.4 77 blue
P 8 37 97 0.5 90 blue
P 9 87 74 0.8 92 blue
F 112 40 8 2 23 29
F 113 32 5 1 22 47
F 114 51 6 2 21 35
F 115 38 9 2 20 41
F 116 52 6 2 19 35
F 117 49 8 2 18 29
F 118 68 6 2 17 35
F 120 84 6 2 15 35
F 122 60 3 4 13 27
F 123 76 6 2 12 35
F 124 55 9 1 11 39
F 125 63 6 2 10 35
F 126 48 3 1 9 20
F 127 50 8 2 8 29
F 128 48 7 2 7 39
F 129 67 6 2 6 35
F 130 52 9 2 5 41
F 131 52 5 2 4 48
F 132 41 6 2 3 35
F 133 42 3 0 2 30
F 134 44 4 0 1 7
R 304 red
R 1720 blue
P 0 3 14 0.4 167 red
P 1 27 23 0.5 81 blue
P 2 11 43 0.4 137 red
P 3 63 3 0.5 57 blue
P 4 13 26 0.8 60 blue
P 5 97 86 0.4 73 blue
P 6 73 77 0.5 61 blue
P 7 89 57 0.4 81 blue
P 8 37 97 0.5 95 blue
P 9 87 74 0.8 54 blue
F 112 40 8 2 24 29
F 113 32 5 1 23 47
F 114 51 6 2 22 35
F 115 38 9 2 21 41
F 116 52 6 2 20 35
F 117 49 8 2 19 29
F 118 68 6 2 18 35
F 120 84 6 2 16 35
F 122 60 3 4 14 27
F 123 76 6 2 13 35
F 124 55 9 1 12 39
F 125 63 6 2 11 35
F 126 48 3 1 10 20
F 127 50 8 2 9 29
F 128 48 7 2 8 39
F 129 67 6 2 7 35
F 130 52 9 2 6 41
F 131 52 5 2 5 48
F 132 41 6 2 4 35
F 133 42 3 0 3 30
F 134 44 4 0 2 7
F 135 46 9 2 1 41
R 312 red
R 1764 blue
P 0 3 14 0.4 171 red
P 1 27 23 0.5 86 blue
P 2 11 43 0.4 141 red
P 3 63 3 0.5 62 blue
P 4 13 26 0.8 68 blue
P 5 97 86 0.4 77 blue
P 6 73 77 0.5 66 blue
P 7 89 57 0.4 85 blue
P 8 37 97 0.5 53 blue
P 9 87 74 0.8 62 blue
F 112 40 8 2 25 29
F 113 32 5 1 24 47
F 114 51 6 2 23 35
F 115 38 9 2 22 41
F 116 52 6 2 21 35
F 117 49 8 2 20 29
F 118 68 6 2 19 35
F 120 84 6 2 17 35
F 122 60 3 4 15 27
F 123 76 6 2 14 35
F 124 55 9 1 13 39
F 125 63 6 2 12 35
F 126 48 3 1 11 20
F 127 50 8 2 10 29
F 128 48 7 2 9 39
F 129 67 6 2 8 35
F 130 52 9 2 7 41
F 131 52 5 2 6 48
F 132 41 6 2 5 35
F 133 42 3 0 4 30
F 134 44 4 0 3 7
F 135 46 9 2 2 41
F 136 47 8 2 1 29
R 320 red
R 1808 blue
P 0 3 14 0.4 175 red
P 1 27 23 0.5 48 blue
P 2 11 43 0.4 145 red
P 3 63 3 0.5 67 blue
P 4 13 26 0.8 76 blue
P 5 97 86 0.4 81 blue
P 6 73 77 0.5 71 blue
P 7 89 57 0.4 89 blue
P 8 37 97 0.5 58 blue
P 9 87 74 0.8 70 blue
F 112 40 8 2 26 29
F 113 32 5 1 25 47
F 114 51 6 2 24 35
F 115 38 9 2 23 41
F 116 52 6 2 22 35
F 117 49 8 2 21 29
F 118 68 6 2 20 35
F 120 84 6 2 18 35
F 122 60 3 4 16 27
F 123 76 6 2 15 35
F 124 55 9 1 14 39
F 125 63 6 2 13 35
F 126 48 3 1 12 20
F 127 50 8 2 11 29
F 128 48 7 2 10 39
F 129 67 6 2 9 35
F 130 52 9 2 8 41
F 131 52 5 2 7 48
F 132 41 6 2 6 35
F 133 42 3 0 5 30
F 134 44 4 0 4 7
F 135 46 9 2 3 41
F 136 47 8 2 2 29
F 137 43 1 2 1 12
R 328 red
R 1852 blue
P 0 3 14 0.4 179 red
P 1 27 23 0.5 53 blue
P 2 11 43 0.4 149 red
P 3 63 3 0.5 72 blue
P 4 13 26 0.8 84 blue
P 5 97 86 0.4 85 blue
P 6 73 77 0.5 76 blue
P 7 89 57 0.4 49 blue
P 8 37 97 0.5 63 blue
P 9 87 74 0.8 78 blue
F 112 40 8 2 27 29
F 113 32 5 1 26 47
F 114 51 6 2 25 35
F 115 38 9 2 24 41
F 116 52 6 2 23 35
F 117 49 8 2 22 29
F 118 68 6 2 21 35
F 120 84 6 2 19 35
F 122 60 3 4 17 27
F 123 76 6 2 16 35
F 124 55 9 1 15 39
F 125 63 6 2 14 35
F 126 48 3 1 13 20
F 127 50 8 2 12 29
F 128 48 7 2 11 39
F 129 67 6 2 10 35
F 130 52 9 2 9 41
F 131 52 5 2 8 48
F 132 41 6 2 7 35
F 133 42 3 0 6 30
F 134 44 4 0 5 7
F 135 46 9 2 4 41
F 136 47 8 2 3 29
F 137 43 1 2 2 12
F 138 44 7 2 1 39
R 336 red
R 1896 blue
P 0 3 14 0.4 183 red
P 1 27 23 0.5 58 blue
P 2 11 43 0.4 153 red
P 3 63 3 0.5 77 blue
P 4 13 26 0.8 92 blue
P 5 97 86 0.4 47 blue
P 6 73 77 0.5 81 blue
P 7 89 57 0.4 53 blue
P 8 37 97 0.5 68 blue
P 9 87 74 0.8 86 blue
F 112 40 8 2 28 29
F 113 32 5 1 27 47
F 114 51 6 2 26 35
F 115 38 9 2 25 41
F 116 52 6 2 24 35
F 117 49 8 2 23 29
F 118 68 6 2 22 35
F 120 84 6 2 20 35
F 122 60 3 4 18 27
F 123 76 6 2 17 35
F 124 55 9 1 16 39
F 125 63 6 2 15 35
F 126 48 3 1 14 20
F 127 50 8 2 13 29
F 128 48 7 2 12 39
F 129 67 6 2 11 35
F 130 52 9 2 10 41
F 131 52 5 2 9 48
F 132 41 6 2 8 35
F 133 42 3 0 7 30
F 134 44 4 0 6 7
F 135 46 9 2 5 41
F 136 47 8 2 4 29
F 137 43 1 2 3 12
F 138 44 7 2 2 39
F 139 42 5 2 1 48
R 260 red
R 1856 blue
P 0 3 14 0.4 143 red
P 1 27 23 0.5 63 blue
P 2 11 43 0.4 117 red
P 3 63 3 0.5 82 blue
P 4 13 26 0.8 54 blue
P 5 97 86 0.4 51 blue
P 6 73 77 0.5 86 blue
P 7 89 57 0.4 57 blue
P 8 37 97 0.5 73 blue
P 9 87 74 0.8 94 blue
F 113 32 5 1 28 47
F 114 51 6 2 27 35
F 115 38 9 2 26 41
F 116 52 6 2 25 35
F 117 49 8 2 24 29
F 118 68 6 2 23 35
F 120 84 6 2 21 35
F 122 60 3 4 19 27
F 123 76 6 2 18 35
F 124 55 9 1 17 39
F 125 63 6 2 16 35
F 126 48 3 1 15 20
F 127 50 8 2 14 29
F 128 48 7 2 13 39
F 129 67 6 2 12 35
F 130 52 9 2 11 41
F 131 52 5 2 10 48
F 132 41 6 2 9 35
F 133 42 3 0 8 30
F 135 46 9 2 6 41
F 136 47 8 2 5 29
F 137 43 1 2 4 12
F 138 44 7 2 3 39
F 139 42 5 2 2 48
F 140 46 4 0 1 7
R 268 red
R 1900 blue
P 0 3 14 0.4 147 red
P 1 27 23 0.5 68 blue
P 2 11 43 0.4 121 red
P 3 63 3 0.5 87 blue
P 4 13 26 0.8 62 blue
P 5 97 86 0.4 55 blue
P 6 73 77 0.5 91 blue
P 7 89 57 0.4 61 blue
P 8 37 97 0.5 78 blue
P 9 87 74 0.8 55 blue
F 113 32 5 1 29 47
F 114 51 6 2 28 35
F 115 38 9 2 27 41
F 116 52 6 2 26 35
F 117 49 8 2 25 29
F 118 68 6 2 24 35
F 120 84 6 2 22 35
F 122 60 3 4 20 27
F 123 76 6 2 19 35
F 124 55 9 1 18 39
F 125 63 6 2 17 35
F 126 48 3 1 16 20
F 127 50 8 2 15 29
F 128 48 7 2 14 39
F 129 67 6 2 13 35
F 130 52 9 2 12 41
F 131 52 5 2 11 48
F 132 41 6 2 10 35
F 133 42 3 0 9 30
F 135 46 9 2 7 41
F 136 47 8 2 6 29
F 137 43 1 2 5 12
F 138 44 7 2 4 39
F 139 42 5 2 3 48
F 140 46 4 0 2 7
F 141 47 9 2 1 41
R 276 red
R 1944 blue
P 0 3 14 0.4 151 red
P 1 27 23 0.5 73 blue
P 2 11 43 0.4 125 red
P 3 63 3 0.5 92 blue
P 4 13 26 0.8 70 blue
P 5 97 86 0.4 59 blue
P 6 73 77 0.5 51 blue
P 7 89 57 0.4 65 blue
P 8 37 97 0.5 83 blue
P 9 87 74 0.8 63 blue
F 113 32 5 1 30 47
F 114 51 6 2 29 35
F 115 38 9 2 28 41
F 116 52 6 2 27 35
F 117 49 8 2 26 29
F 118 68 6 2 25 35
F 120 84 6 2 23 35
F 122 60 3 4 21 27
F 123 76 6 2 20 35
F 124 55 9 1 19 39
F 125 63 6 2 18 35
F 126 48 3 1 17 20
F 127 50 8 2 16 29
F 128 48 7 2 15 39
F 129 67 6 2 14 35
F 130 52 9 2 13 41
F 131 52 5 2 12 48
F 132 41 6 2 11 35
F 133 42 3 0 10 30
F 135 46 9 2 8 41
F 136 47 8 2 7 29
F 137 43 1 2 6 12
F 138 44 7 2 5 39
F 139 42 5 2 4 48
F 140 46 4 0 3 7
F 141 47 9 2 2 41
F 142 45 6 2 1 35
R 284 red
R 1988 blue
P 0 3 14 0.4 155 red
P 1 27 23 0.5 78 blue
P 2 11 43 0.4 129 red
P 3 63 3 0.5 51 blue
P 4 13 26 0.8 78 blue
P 5 97 86 0.4 63 blue
P 6 73 77 0.5 56 blue
P 7 89 57 0.4 69 blue
P 8 37 97 0.5 88 blue
P 9 87 74 0.8 71 blue
F 113 32 5 1 31 47
F 114 51 6 2 30 35
F 115 38 9 2 29 41
F 116 52 6 2 28 35
F 117 49 8 2 27 29
F 118 68 6 2 26 35
F 120 84 6 2 24 35
F 122 60 3 4 22 27
F 123 76 6 2 21 35
F 124 55 9 1 20 39
F 125 63 6 2 19 35
F 126 48 3 1 18 20
F 127 50 8 2 17 29
F 128 48 7 2 16 39
F 129 67 6 2 15 35
F 130 52 9 2 14 41
F 131 52 5 2 13 48
F 132 41 6 2 12 35
F 133 42 3 0 11 30
F 135 46 9 2 9 41
F 136 47 8 2 8 29
F 137 43 1 2 7 12
F 138 44 7 2 6 39
F 139 42 5 2 5 48
F 140 46 4 0 4 7
F 141 47 9 2 3 41
F 142 45 6 2 2 35
F 143 46 3 0 1 30
R 292 red
R 2032 blue
P 0 3 14 0.4 159 red
P 1 27 23 0.5 83 blue
P 2 11 43 0.4 133 red
P 3 63 3 0.5 56 blue
P 4 13 26 0.8 86 blue
P 5 97 86 0.4 67 blue
P 6 73 77 0.5 61 blue
P 7 89 57 0.4 73 blue
P 8 37 97 0.5 49 blue
P 9 87 74 0.8 79 blue
F 113 32 5 1 32 47
F 114 51 6 2 31 35
F 115 38 9 2 30 41
F 116 52 6 2 29 35
F 117 49 8 2 28 29
F 118 68 6 2 27 35
F 120 84 6 2 25 35
F 122 60 3 4 23 27
F 123 76 6 2 22 35
F 124 55 9 1 21 39
F 125 63 6 2 20 35
F 126 48 3 1 19 20
F 127 50 8 2 18 29
F 128 48 7 2 17 39
F 129 67 6 2 16 35
F 130 52 9 2 15 41
F 131 52 5 2 14 48
F 132 41 6 2 13 35
F 133 42 3 0 12 30
F 135 46 9 2 10 41
F 136 47 8 2 9 29
F 137 43 1 2 8 12
F 138 44 7 2 7 39
F 139 42 5 2 6 48
F 140 46 4 0 5 7
F 141 47 9 2 4 41
F 142 45 6 2 3 35
F 143 46 3 0 2 30
F 144 44 8 2 1 29
R 251 red
R 2027 blue
P 0 3 14 0.4 163 red
P 1 27 23 0.5 136 blue
P 2 11 43 0.4 88 red
P 3 63 3 0.5 61 blue
P 4 13 26 0.8 51 blue
P 5 97 86 0.4 71 blue
P 6 73 77 0.5 66 blue
P 7 89 57 0.4 77 blue
P 8 37 97 0.5 54 blue
P 9 87 74 0.8 87 blue
F 113 32 5 1 33 47
F 114 51 6 2 32 35
F 115 38 9 2 31 41
F 116 52 6 2 30 35
F 118 68 6 2 28 35
F 120 84 6 2 26 35
F 122 60 3 4 24 27
F 123 76 6 2 23 35
F 124 55 9 1 22 39
F 125 63 6 2 21 35
F 127 50 8 2 19 29
F 128 48 7 2 18 39
F 129 67 6 2 17 35
F 130 52 9 2 16 41
F 131 52 5 2 15 48
F 132 41 6 2 14 35
F 133 42 3 0 13 30
F 135 46 9 2 11 41
F 136 47 8 2 10 29
F 137 43 1 2 9 12
F 138 44 7 2 8 39
F 139 42 5 2 7 48
F 140 46 4 0 6 7
F 141 47 9 2 5 41
F 142 45 6 2 4 35
F 143 46 3 0 3 30
F 144 44 8 2 2 29
F 145 43 4 0 1 7
R 213 red
R 2025 blue
P 0 3 14 0.4 121 red
P 1 27 23 0.5 73 blue
P 2 11 43 0.4 92 red
P 3 63 3 0.5 66 blue
P 4 13 26 0.8 59 blue
P 5 97 86 0.4 75 blue
P 6 73 77 0.5 71 blue
P 7 89 57 0.4 81 blue
P 8 37 97 0.5 59 blue
P 9 87 74 0.8 95 blue
F 113 32 5 1 34 47
F 114 51 6 2 33 35
F 115 38 9 2 32 41
F 116 52 6 2 31 35
F 118 68 6 2 29 35
F 120 84 6 2 27 35
F 122 60 3 4 25 27
F 123 76 6 2 24 35
F 124 55 9 1 23 39
F 125 63 6 2 22 35
F 127 50 8 2 20 29
F 128 48 7 2 19 39
F 129 67 6 2 18 35
F 130 52 9 2 17 41
F 131 52 5 2 16 48
F 132 41 6 2 15 35
F 133 42 3 0 14 30
F 135 46 9 2 12 41
F 136 47 8 2 11 29
F 137 43 1 2 10 12
F 138 44 7 2 9 39
F 139 42 5 2 8 48
F 141 47 9 2 6 41
F 142 45 6 2 5 35
F 143 46 3 0 4 30
F 144 44 8 2 3 29
F 145 43 4 0 2 7
F 146 68 1 2 1 12
R 221 red
R 2069 blue
P 0 3 14 0.4 125 red
P 1 27 23 0.5 78 blue
P 2 11 43 0.4 96 red
P 3 63 3 0.5 71 blue
P 4 13 26 0.8 67 blue
P 5 97 86 0.4 79 blue
P 6 73 77 0.5 76 blue
P 7 89 57 0.4 85 blue
P 8 37 97 0.5 64 blue
P 9 87 74 0.8 56 blue
F 113 32 5 1 35 47
F 114 51 6 2 34 35
F 115 38 9 2 33 41
F 116 52 6 2 32 35
F 118 68 6 2 30 35
F 120 84 6 2 28 35
F 122 60 3 4 26 27
F 123 76 6 2 25 35
F 124 55 9 1 24 39
F 125 63 6 2 23 35
F 127 50 8 2 21 29
F 128 48 7 2 20 39
F 129 67 6 2 19 35
F 130 52 9 2 18 41
F 131 52 5 2 17 48
F 132 41 6 2 16 35
F 133 42 3 0 15 30
F 135 46 9 2 13 41
F 136 47 8 2 12 29
F 137 43 1 2 11 12
F 138 44 7 2 10 39
F 139 42 5 2 9 48
F 141 47 9 2 7 41
F 142 45 6 2 6 35
F 143 46 3 0 5 30
F 144 44 8 2 4 29
F 145 43 4 0 3 7
F 146 68 1 2 2 12
F 147 47 9 2 1 41
R 135 red
R 2019 blue
P 0 3 14 0.4 129 red
P 1 27 23 0.5 83 blue
P 2 11 43 0.4 6 red
P 3 63 3 0.5 76 blue
P 4 13 26 0.8 135 blue
P 5 97 86 0.4 83 blue
P 6 73 77 0.5 81 blue
P 7 89 57 0.4 47 blue
P 8 37 97 0.5 69 blue
P 9 87 74 0.8 64 blue
F 113 32 5 1 36 47
F 115 38 9 2 34 41
F 116 52 6 2 33 35
F 118 68 6 2 31 35
F 120 84 6 2 29 35
F 123 76 6 2 26 35
F 124 55 9 1 25 39
F 125 63 6 2 24 35
F 127 50 8 2 22 29
F 128 48 7 2 21 39
F 129 67 6 2 20 35
F 130 52 9 2 19 41
F 131 52 5 2 18 48
F 132 41 6 2 17 35
F 133 42 3 0 16 30
F 135 46 9 2 14 41
F 136 47 8 2 13 29
F 138 44 7 2 11 39
F 139 42 5 2 10 48
F 141 47 9 2 8 41
F 142 45 6 2 7 35
F 143 46 3 0 6 30
F 144 44 8 2 5 29
F 145 43 4 0 4 7
F 146 68 1 2 3 12
F 147 47 9 2 2 41
F 148 42 7 2 1 39
R 143 red
R 2063 blue
P 0 3 14 0.4 133 red
P 1 27 23 0.5 88 blue
P 2 11 43 0.4 10 red
P 3 63 3 0.5 81 blue
P 4 13 26 0.8 76 blue
P 5 97 86 0.4 87 blue
P 6 73 77 0.5 86 blue
P 7 89 57 0.4 51 blue
P 8 37 97 0.5 74 blue
P 9 87 74 0.8 72 blue
F 113 32 5 1 37 47
F 115 38 9 2 35 41
F 116 52 6 2 34 35
F 118 68 6 2 32 35
F 120 84 6 2 30 35
F 123 76 6 2 27 35
F 124 55 9 1 26 39
F 125 63 6 2 25 35
F 127 50 8 2 23 29
F 128 48 7 2 22 39
F 129 67 6 2 21 35
F 130 52 9 2 20 41
F 131 52 5 2 19 48
F 132 41 6 2 18 35
F 133 42 3 0 17 30
F 135 46 9 2 15 41
F 136 47 8 2 14 29
F 138 44 7 2 12 39
F 139 42 5 2 11 48
F 141 47 9 2 9 41
F 142 45 6 2 8 35
F 143 46 3 0 7 30
F 144 44 8 2 6 29
F 145 43 4 0 5 7
F 146 68 1 2 4 12
F 147 47 9 2 3 41
F 148 42 7 2 2 39
F 149 67 4 0 1 7
R 137 red
R 2093 blue
P 0 3 14 0.4 137 red
P 1 27 23 0.5 49 blue
P 2 11 43 0.4 38 blue
P 3 63 3 0.5 86 blue
P 4 13 26 0.8 84 blue
P 5 97 86 0.4 91 blue
P 6 73 77 0.5 91 blue
P 7 89 57 0.4 55 blue
P 8 37 97 0.5 79 blue
P 9 87 74 0.8 80 blue
F 113 32 5 1 38 47
F 115 38 9 2 36 41
F 118 68 6 2 33 35
F 120 84 6 2 31 35
F 123 76 6 2 28 35
F 124 55 9 1 27 39
F 125 63 6 2 26 35
F 127 50 8 2 24 29
F 128 48 7 2 23 39
F 129 67 6 2 22 35
F 130 52 9 2 21 41
F 131 52 5 2 20 48
F 132 41 6 2 19 35
F 133 42 3 0 18 30
F 135 46 9 2 16 41
F 136 47 8 2 15 29
F 138 44 7 2 13 39
F 139 42 5 2 12 48
F 141 47 9 2 10 41
F 142 45 6 2 9 35
F 143 46 3 0 8 30
F 144 44 8 2 7 29
F 145 43 4 0 6 7
F 146 68 1 2 5 12
F 147 47 9 2 4 41
F 148 42 7 2 3 39
F 149 67 4 0 2 7
F 150 44 1 2 1 12
ERROR: /var/www/TekmovanjaFamnit/cli/1049/4a6ec613-3915-475f-b081-09eb31672307/Challenger
java.lang.NullPointerException
	at ocenjevalec.Player.run(Player.java:238)
	at java.base/java.lang.Thread.run(Thread.java:829)
/var/www/TekmovanjaFamnit/cli/1049/4a6ec613-3915-475f-b081-09eb31672307/Challenger>L timeout
L /var/www/TekmovanjaFamnit/cli/1049/4a6ec613-3915-475f-b081-09eb31672307/Challenger Player sent:L timeout
R 98 red
R 2098 blue
P 0 3 14 0.4 98 red
P 1 27 23 0.5 54 blue
P 2 11 43 0.4 42 blue
P 3 63 3 0.5 91 blue
P 4 13 26 0.8 92 blue
P 5 97 86 0.4 95 blue
P 6 73 77 0.5 96 blue
P 7 89 57 0.4 59 blue
P 8 37 97 0.5 84 blue
P 9 87 74 0.8 88 blue
F 113 32 5 1 39 47
F 115 38 9 2 37 41
F 118 68 6 2 34 35
F 120 84 6 2 32 35
F 123 76 6 2 29 35
F 124 55 9 1 28 39
F 125 63 6 2 27 35
F 127 50 8 2 25 29
F 128 48 7 2 24 39
F 129 67 6 2 23 35
F 130 52 9 2 22 41
F 131 52 5 2 21 48
F 132 41 6 2 20 35
F 133 42 3 0 19 30
F 135 46 9 2 17 41
F 136 47 8 2 16 29
F 138 44 7 2 14 39
F 139 42 5 2 13 48
F 141 47 9 2 11 41
F 142 45 6 2 10 35
F 143 46 3 0 9 30
F 144 44 8 2 8 29
F 146 68 1 2 6 12
F 147 47 9 2 5 41
F 148 42 7 2 4 39
F 149 67 4 0 3 7
F 150 44 1 2 2 12
